[0m[[0m[0mdebug[0m] [0m[0m> Exec(publishSigned, None, None)[0m
[0m[[0m[0mdebug[0m] [0m[0mEvaluating tasks: expression / publishSigned, parse / publishSigned, top / publishSigned, algebra / publishSigned, core / publishSigned, publishSigned[0m
[0m[[0m[0mdebug[0m] [0m[0mRunning task... Cancel: Signal, check cycles: false, forcegc: true[0m
[0m[[0m[0minfo[0m] [0m[0mWrote /Users/rhillyard/IdeaProjects/Number2026/core/target/scala-3.7.3/number-core_3-1.6.8.pom[0m
[0m[[0m[0minfo[0m] [0m[0mWrote /Users/rhillyard/IdeaProjects/Number2026/algebra/target/scala-3.7.3/number-algebra_3-1.6.8.pom[0m
[0m[[0m[0minfo[0m] [0m[0mWrote /Users/rhillyard/IdeaProjects/Number2026/expression/target/scala-3.7.3/number-expression_3-1.6.8.pom[0m
[0m[[0m[33mwarn[0m] [0m[0mmultiple main classes detected: run 'show discoveredMainClasses' to see the list[0m
[0m[[0m[0minfo[0m] [0m[0mWrote /Users/rhillyard/IdeaProjects/Number2026/parse/target/scala-3.7.3/number-parse_3-1.6.8.pom[0m
[0m[[0m[0minfo[0m] [0m[0mWrote /Users/rhillyard/IdeaProjects/Number2026/top/target/scala-3.7.3/number-top_3-1.6.8.pom[0m
[0m[[0m[0minfo[0m] [0m[0mWrote /Users/rhillyard/IdeaProjects/Number2026/target/scala-3.7.3/number_3-1.6.8.pom[0m
[0m[[0m[33mwarn[0m] [0m[0mmultiple main classes detected: run 'show discoveredMainClasses' to see the list[0m
[0m[[0m[0minfo[0m] [0m[0mTest Scala API documentation to /Users/rhillyard/IdeaProjects/Number2026/algebra/target/scala-3.7.3/test-api...[0m
[0m[[0m[0minfo[0m] [0m[0mMain Scala API documentation to /Users/rhillyard/IdeaProjects/Number2026/parse/target/scala-3.7.3/api...[0m
[0m[[0m[0minfo[0m] [0m[0mMain Scala API documentation to /Users/rhillyard/IdeaProjects/Number2026/algebra/target/scala-3.7.3/api...[0m
[0m[[0m[0minfo[0m] [0m[0mTest Scala API documentation to /Users/rhillyard/IdeaProjects/Number2026/core/target/scala-3.7.3/test-api...[0m
[0m[[0m[0minfo[0m] [0m[0mTest Scala API documentation to /Users/rhillyard/IdeaProjects/Number2026/expression/target/scala-3.7.3/test-api...[0m
[0m[[0m[0minfo[0m] [0m[0mMain Scala API documentation to /Users/rhillyard/IdeaProjects/Number2026/top/target/scala-3.7.3/api...[0m
[0m[[0m[0minfo[0m] [0m[0mMain Scala API documentation to /Users/rhillyard/IdeaProjects/Number2026/expression/target/scala-3.7.3/api...[0m
[0m[[0m[0minfo[0m] [0m[0mMain Scala API documentation to /Users/rhillyard/IdeaProjects/Number2026/core/target/scala-3.7.3/api...[0m
[0m[[0m[0minfo[0m] [0m[0mSkipping unused scalacOptions: -Wvalue-discard, -Wnonunit-statement, -Wconf[0m
[0m[[0m[33mwarn[0m] [0m[0mFlag -classpath set repeatedly[0m
[0m[[0m[0minfo[0m] [0m[0mSkipping unused scalacOptions: -Wvalue-discard, -Wconf[0m
[0m[[0m[33mwarn[0m] [0m[0mFlag -classpath set repeatedly[0m
[0m[[0m[0minfo[0m] [0m[0mSkipping unused scalacOptions: -Wvalue-discard, -Wnonunit-statement, -Wconf[0m
[0m[[0m[33mwarn[0m] [0m[0mFlag -classpath set repeatedly[0m
[0m[[0m[0minfo[0m] [0m[0mSkipping unused scalacOptions: -Wvalue-discard, -Wconf[0m
[0m[[0m[33mwarn[0m] [0m[0mFlag -classpath set repeatedly[0m
[0m[[0m[0minfo[0m] [0m[0mSkipping unused scalacOptions: -Wvalue-discard, -Wconf[0m
[0m[[0m[33mwarn[0m] [0m[0mFlag -classpath set repeatedly[0m
[0m[[0m[0minfo[0m] [0m[0mSkipping unused scalacOptions: -Wvalue-discard, -Wnonunit-statement, -Wconf[0m
[0m[[0m[33mwarn[0m] [0m[0mFlag -classpath set repeatedly[0m
[0m[[0m[0minfo[0m] [0m[0mSkipping unused scalacOptions: -Wvalue-discard, -Wnonunit-statement, -Wconf[0m
[0m[[0m[33mwarn[0m] [0m[0mFlag -classpath set repeatedly[0m
[0m[[0m[33mwarn[0m] [0m[0mone warning found[0m
[0m[[0m[0minfo[0m] [0m[0mSkipping unused scalacOptions: -Wvalue-discard, -Wnonunit-statement, -Wconf[0m
[0m[[0m[33mwarn[0m] [0m[0mFlag -classpath set repeatedly[0m
[0m[[0m[33mwarn[0m] [0m[0m[33m[33m-- Warning: top/src/main/scala/com/phasmidsoftware/number/top/QuantityParser.scala:72:6 [0m[0m[0m
[0m[[0m[33mwarn[0m] [0m[0m[33m72 |[0m  [33mdef[0m [36mdoParseNumber[0m([36mnumStr[0m: [35mString[0m): [35mExpression[0m =[0m
[0m[[0m[33mwarn[0m] [0m[0m[33m[33m   |[0m      ^[0m[0m
[0m[[0m[33mwarn[0m] [0m[0m[33m   |[0mCouldn't resolve a member for the given link query: LaTeXParserException[0m
[0m[[0m[33mwarn[0m] [0m[0mtwo warnings found[0m
[0m[[0m[33mwarn[0m] [0m[0m[33m[33m-- Warning: dotty/core/src/main/scala/org/scalatest/Assertions.scala:818:13 ----[0m[0m[0m
[0m[[0m[33mwarn[0m] [0m[0mCouldn't resolve a member for the given link query: TestFailedException[0m
[0m[[0m[33mwarn[0m] [0m[0m[33m[33m-- Warning: dotty/core/src/main/scala/org/scalatest/Assertions.scala:757:13 ----[0m[0m[0m
[0m[[0m[33mwarn[0m] [0m[0mCouldn't resolve a member for the given link query: TestFailedException[0m
[0m[[0m[33mwarn[0m] [0m[0m[33m[33m-- Warning: dotty/core/src/main/scala/org/scalatest/Assertions.scala:983:13 ----[0m[0m[0m
[0m[[0m[33mwarn[0m] [0m[0mCouldn't resolve a member for the given link query: TestFailedException[0m
[0m[[0m[33mwarn[0m] [0m[0m[33m[33m-- Warning: dotty/core/src/main/scala/org/scalatest/Assertions.scala:959:13 ----[0m[0m[0m
[0m[[0m[33mwarn[0m] [0m[0mCouldn't resolve a member for the given link query: TestFailedException[0m
[0m[[0m[33mwarn[0m] [0m[0m[33m[33m-- Warning: dotty/core/src/main/scala/org/scalatest/Assertions.scala:531:13 ----[0m[0m[0m
[0m[[0m[33mwarn[0m] [0m[0mCouldn't resolve a member for the given link query: NullArgumentException[0m
[0m[[0m[33mwarn[0m] [0m[0m[33m[33m-- Warning: dotty/core/src/main/scala/org/scalatest/Assertions.scala:472:13 ----[0m[0m[0m
[0m[[0m[33mwarn[0m] [0m[0mCouldn't resolve a member for the given link query: TestFailedException[0m
[0m[[0m[33mwarn[0m] [0m[0m[33m[33m-- Warning: dotty/flatspec/target/scala-3/src_managed/main/org/scalatest/flatspec/AnyFlatSpecLike.scala:1828:15 [0m[0m[0m
[0m[[0m[33mwarn[0m] [0m[0mCouldn't resolve a member for the given link query: NullArgumentException[0m
[0m[[0m[33mwarn[0m] [0m[0m[33m[33m-- Warning: dotty/flatspec/target/scala-3/src_managed/main/org/scalatest/flatspec/AnyFlatSpecLike.scala:1709:25 [0m[0m[0m
[0m[[0m[33mwarn[0m] [0m[0mCouldn't resolve a member for the given link query: NullArgumentException[0m
[0m[[0m[33mwarn[0m] [0m[0m[33m[33m-- Warning: dotty/core/src/main/scala/org/scalatest/Assertions.scala:1153:13 ---[0m[0m[0m
[0m[[0m[33mwarn[0m] [0m[0mCouldn't resolve a member for the given link query: NullArgumentException[0m
[0m[[0m[33mwarn[0m] [0m[0m[33m[33m-- Warning: dotty/core/src/main/scala/org/scalatest/Assertions.scala:1134:13 ---[0m[0m[0m
[0m[[0m[33mwarn[0m] [0m[0mCouldn't resolve a member for the given link query: NullArgumentException[0m
[0m[[0m[33mwarn[0m] [0m[0m[33m[33m-- Warning: dotty/core/src/main/scala/org/scalatest/Assertions.scala:1115:13 ---[0m[0m[0m
[0m[[0m[33mwarn[0m] [0m[0mCouldn't resolve a member for the given link query: NullArgumentException[0m
[0m[[0m[33mwarn[0m] [0m[0m[33m[33m-- Warning: dotty/core/src/main/scala/org/scalatest/Assertions.scala:1091:13 ---[0m[0m[0m
[0m[[0m[33mwarn[0m] [0m[0mCouldn't resolve a member for the given link query: NullArgumentException[0m
[0m[[0m[33mwarn[0m] [0m[0m[33m[33m-- Warning: dotty/core/src/main/scala/org/scalatest/Assertions.scala:1072:13 ---[0m[0m[0m
[0m[[0m[33mwarn[0m] [0m[0mCouldn't resolve a member for the given link query: NullArgumentException[0m
[0m[[0m[33mwarn[0m] [0m[0m[33m[33m-- Warning: dotty/core/src/main/scala/org/scalatest/Assertions.scala:1053:13 ---[0m[0m[0m
[0m[[0m[33mwarn[0m] [0m[0mCouldn't resolve a member for the given link query: NullArgumentException[0m
[0m[[0m[33mwarn[0m] [0m[0m[33m[33m-- Warning: dotty/flatspec/target/scala-3/src_managed/main/org/scalatest/flatspec/AnyFlatSpecLike.scala:1784:25 [0m[0m[0m
[0m[[0m[33mwarn[0m] [0m[0mCouldn't resolve a member for the given link query: NullArgumentException[0m
[0m[[0m[33mwarn[0m] [0m[0m[33m[33m-- Warning: dotty/core/src/main/scala/org/scalatest/Assertions.scala:632:13 ----[0m[0m[0m
[0m[[0m[33mwarn[0m] [0m[0mCouldn't resolve a member for the given link query: NullArgumentException[0m
[0m[[0m[33mwarn[0m] [0m[0m[33m[33m-- Warning: dotty/core/src/main/scala/org/scalatest/Assertions.scala:579:13 ----[0m[0m[0m
[0m[[0m[33mwarn[0m] [0m[0mCouldn't resolve a member for the given link query: TestCanceledException[0m
[0m[[0m[33mwarn[0m] [0m[0m[33m[33m-- Warning: dotty/core/target/scala-3/src_managed/main/org/scalatest/Suite.scala:758:12 [0m[0m[0m
[0m[[0m[33mwarn[0m] [0m[0mCouldn't resolve a member for the given link query: NullArgumentException[0m
[0m[[0m[33mwarn[0m] [0m[0m[33m[33m-- Warning: dotty/core/src/main/scala/org/scalatest/Assertions.scala:1301:13 ---[0m[0m[0m
[0m[[0m[33mwarn[0m] [0m[0mCouldn't resolve a member for the given link query: TestPendingException[0m
[0m[[0m[33mwarn[0m] [0m[0m[33m[33m-- Warning: dotty/core/src/main/scala/org/scalatest/Assertions.scala:1195:6 ----[0m[0m[0m
[0m[[0m[33mwarn[0m] [0m[0mCouldn't resolve a member for the given link query: NullArgumentException[0m
[0m[[0m[33mwarn[0m] [0m[0m[33m[33m-- Warning: algebra/src/main/scala/com/phasmidsoftware/number/algebra/core/Can.scala:317:6 [0m[0m[0m
[0m[[0m[33mwarn[0m] [0m[0m[33m317 |[0m  [33mdef[0m [36masT[0m: [35mT[0m = {[0m
[0m[[0m[33mwarn[0m] [0m[0m[33m[33m    |[0m      ^[0m[0m
[0m[[0m[33mwarn[0m] [0m[0m[33m    |[0m  Couldn't resolve a member for the given link query: AlgebraException[0m
[0m[[0m[33mwarn[0m] [0m[0m[33m[33m-- Warning: algebra/src/main/scala/com/phasmidsoftware/number/algebra/eager/InversePower.scala:566:6 [0m[0m[0m
[0m[[0m[33mwarn[0m] [0m[0m[33m566 |[0m  [33mdef[0m [36mnormalizeIntegralRoot[0m([36mradicand[0m: [35mInt[0m, [36mrootDegree[0m: [35mInt[0m): ([35mInt[0m, [35mInt[0m) = {[0m
[0m[[0m[33mwarn[0m] [0m[0m[33m[33m    |[0m      ^[0m[0m
[0m[[0m[33mwarn[0m] [0m[0m[33m    |[0m  Couldn't resolve a member for the given link query: AlgebraException[0m
[0m[[0m[0minfo[0m] [0m[0mMain Scala API documentation successful.[0m
[0m[[0m[33mwarn[0m] [0m[0m[33m[33m-- Warning: dotty/core/src/main/scala/org/scalatest/Assertions.scala:818:13 ----[0m[0m[0m
[0m[[0m[33mwarn[0m] [0m[0mCouldn't resolve a member for the given link query: TestFailedException[0m
[0m[[0m[33mwarn[0m] [0m[0m[33m[33m-- Warning: dotty/core/src/main/scala/org/scalatest/Assertions.scala:757:13 ----[0m[0m[0m
[0m[[0m[33mwarn[0m] [0m[0mCouldn't resolve a member for the given link query: TestFailedException[0m
[0m[[0m[33mwarn[0m] [0m[0m[33m[33m-- Warning: dotty/core/src/main/scala/org/scalatest/Assertions.scala:983:13 ----[0m[0m[0m
[0m[[0m[33mwarn[0m] [0m[0mCouldn't resolve a member for the given link query: TestFailedException[0m
[0m[[0m[33mwarn[0m] [0m[0m[33m[33m-- Warning: dotty/core/src/main/scala/org/scalatest/Assertions.scala:959:13 ----[0m[0m[0m
[0m[[0m[33mwarn[0m] [0m[0mCouldn't resolve a member for the given link query: TestFailedException[0m
[0m[[0m[0minfo[0m] [0m[0mMain Scala API documentation successful.[0m
[0m[[0m[33mwarn[0m] [0m[0m[33m[33m-- Warning: dotty/core/src/main/scala/org/scalatest/Assertions.scala:531:13 ----[0m[0m[0m
[0m[[0m[33mwarn[0m] [0m[0mCouldn't resolve a member for the given link query: NullArgumentException[0m
[0m[[0m[33mwarn[0m] [0m[0m[33m[33m-- Warning: dotty/core/src/main/scala/org/scalatest/Assertions.scala:472:13 ----[0m[0m[0m
[0m[[0m[33mwarn[0m] [0m[0mCouldn't resolve a member for the given link query: TestFailedException[0m
[0m[[0m[33mwarn[0m] [0m[0m[33m[33m-- Warning: dotty/flatspec/target/scala-3/src_managed/main/org/scalatest/flatspec/AnyFlatSpecLike.scala:1828:15 [0m[0m[0m
[0m[[0m[33mwarn[0m] [0m[0mCouldn't resolve a member for the given link query: NullArgumentException[0m
[0m[[0m[33mwarn[0m] [0m[0m[33m[33m-- Warning: dotty/flatspec/target/scala-3/src_managed/main/org/scalatest/flatspec/AnyFlatSpecLike.scala:1709:25 [0m[0m[0m
[0m[[0m[33mwarn[0m] [0m[0mCouldn't resolve a member for the given link query: NullArgumentException[0m
[0m[[0m[33mwarn[0m] [0m[0m[33m[33m-- Warning: dotty/core/src/main/scala/org/scalatest/Assertions.scala:1153:13 ---[0m[0m[0m
[0m[[0m[33mwarn[0m] [0m[0mCouldn't resolve a member for the given link query: NullArgumentException[0m
[0m[[0m[33mwarn[0m] [0m[0m[33m[33m-- Warning: dotty/core/src/main/scala/org/scalatest/Assertions.scala:1134:13 ---[0m[0m[0m
[0m[[0m[33mwarn[0m] [0m[0mCouldn't resolve a member for the given link query: NullArgumentException[0m
[0m[[0m[33mwarn[0m] [0m[0m[33m[33m-- Warning: dotty/core/src/main/scala/org/scalatest/Assertions.scala:1115:13 ---[0m[0m[0m
[0m[[0m[33mwarn[0m] [0m[0mCouldn't resolve a member for the given link query: NullArgumentException[0m
[0m[[0m[33mwarn[0m] [0m[0m[33m[33m-- Warning: dotty/core/src/main/scala/org/scalatest/Assertions.scala:1091:13 ---[0m[0m[0m
[0m[[0m[33mwarn[0m] [0m[0mCouldn't resolve a member for the given link query: NullArgumentException[0m
[0m[[0m[33mwarn[0m] [0m[0m[33m[33m-- Warning: dotty/core/src/main/scala/org/scalatest/Assertions.scala:1072:13 ---[0m[0m[0m
[0m[[0m[33mwarn[0m] [0m[0mCouldn't resolve a member for the given link query: NullArgumentException[0m
[0m[[0m[33mwarn[0m] [0m[0m[33m[33m-- Warning: dotty/core/src/main/scala/org/scalatest/Assertions.scala:1053:13 ---[0m[0m[0m
[0m[[0m[33mwarn[0m] [0m[0mCouldn't resolve a member for the given link query: NullArgumentException[0m
[0m[[0m[33mwarn[0m] [0m[0m[33m[33m-- Warning: dotty/flatspec/target/scala-3/src_managed/main/org/scalatest/flatspec/AnyFlatSpecLike.scala:1784:25 [0m[0m[0m
[0m[[0m[33mwarn[0m] [0m[0mCouldn't resolve a member for the given link query: NullArgumentException[0m
[0m[[0m[33mwarn[0m] [0m[0m[33m[33m-- Warning: dotty/core/src/main/scala/org/scalatest/Assertions.scala:632:13 ----[0m[0m[0m
[0m[[0m[33mwarn[0m] [0m[0mCouldn't resolve a member for the given link query: NullArgumentException[0m
[0m[[0m[33mwarn[0m] [0m[0m[33m[33m-- Warning: dotty/core/src/main/scala/org/scalatest/Assertions.scala:579:13 ----[0m[0m[0m
[0m[[0m[33mwarn[0m] [0m[0mCouldn't resolve a member for the given link query: TestCanceledException[0m
[0m[[0m[33mwarn[0m] [0m[0m[33m[33m-- Warning: dotty/core/target/scala-3/src_managed/main/org/scalatest/Suite.scala:758:12 [0m[0m[0m
[0m[[0m[33mwarn[0m] [0m[0mCouldn't resolve a member for the given link query: NullArgumentException[0m
[0m[[0m[33mwarn[0m] [0m[0m[33m[33m-- Warning: dotty/core/src/main/scala/org/scalatest/Assertions.scala:1301:13 ---[0m[0m[0m
[0m[[0m[33mwarn[0m] [0m[0mCouldn't resolve a member for the given link query: TestPendingException[0m
[0m[[0m[33mwarn[0m] [0m[0mthree warnings found[0m
[0m[[0m[33mwarn[0m] [0m[0m[33m[33m-- Warning: dotty/core/src/main/scala/org/scalatest/Assertions.scala:1195:6 ----[0m[0m[0m
[0m[[0m[33mwarn[0m] [0m[0mCouldn't resolve a member for the given link query: NullArgumentException[0m
[0m[[0m[0minfo[0m] [0m[0mTest Scala API documentation to /Users/rhillyard/IdeaProjects/Number2026/parse/target/scala-3.7.3/test-api...[0m
[0m[[0m[33mwarn[0m] [0m[0m[33m[33m-- Warning: dotty/core/src/main/scala/org/scalatest/Assertions.scala:818:13 ----[0m[0m[0m
[0m[[0m[33mwarn[0m] [0m[0mCouldn't resolve a member for the given link query: TestFailedException[0m
[0m[[0m[33mwarn[0m] [0m[0m[33m[33m-- Warning: dotty/core/src/main/scala/org/scalatest/Assertions.scala:757:13 ----[0m[0m[0m
[0m[[0m[33mwarn[0m] [0m[0mCouldn't resolve a member for the given link query: TestFailedException[0m
[0m[[0m[33mwarn[0m] [0m[0m[33m[33m-- Warning: dotty/core/src/main/scala/org/scalatest/Assertions.scala:983:13 ----[0m[0m[0m
[0m[[0m[33mwarn[0m] [0m[0mCouldn't resolve a member for the given link query: TestFailedException[0m
[0m[[0m[33mwarn[0m] [0m[0m[33m[33m-- Warning: dotty/core/src/main/scala/org/scalatest/Assertions.scala:959:13 ----[0m[0m[0m
[0m[[0m[33mwarn[0m] [0m[0mCouldn't resolve a member for the given link query: TestFailedException[0m
[0m[[0m[33mwarn[0m] [0m[0m[33m[33m-- Warning: dotty/core/src/main/scala/org/scalatest/Assertions.scala:531:13 ----[0m[0m[0m
[0m[[0m[33mwarn[0m] [0m[0mCouldn't resolve a member for the given link query: NullArgumentException[0m
[0m[[0m[33mwarn[0m] [0m[0m[33m[33m-- Warning: dotty/core/src/main/scala/org/scalatest/Assertions.scala:472:13 ----[0m[0m[0m
[0m[[0m[33mwarn[0m] [0m[0mCouldn't resolve a member for the given link query: TestFailedException[0m
[0m[[0m[33mwarn[0m] [0m[0m[33m[33m-- Warning: dotty/flatspec/target/scala-3/src_managed/main/org/scalatest/flatspec/AnyFlatSpecLike.scala:1828:15 [0m[0m[0m
[0m[[0m[33mwarn[0m] [0m[0mCouldn't resolve a member for the given link query: NullArgumentException[0m
[0m[[0m[33mwarn[0m] [0m[0m[33m[33m-- Warning: dotty/flatspec/target/scala-3/src_managed/main/org/scalatest/flatspec/AnyFlatSpecLike.scala:1709:25 [0m[0m[0m
[0m[[0m[33mwarn[0m] [0m[0mCouldn't resolve a member for the given link query: NullArgumentException[0m
[0m[[0m[33mwarn[0m] [0m[0m[33m[33m-- Warning: dotty/core/src/main/scala/org/scalatest/Assertions.scala:1153:13 ---[0m[0m[0m
[0m[[0m[33mwarn[0m] [0m[0mCouldn't resolve a member for the given link query: NullArgumentException[0m
[0m[[0m[33mwarn[0m] [0m[0m[33m[33m-- Warning: dotty/core/src/main/scala/org/scalatest/Assertions.scala:1134:13 ---[0m[0m[0m
[0m[[0m[33mwarn[0m] [0m[0mCouldn't resolve a member for the given link query: NullArgumentException[0m
[0m[[0m[33mwarn[0m] [0m[0m[33m[33m-- Warning: dotty/core/src/main/scala/org/scalatest/Assertions.scala:1115:13 ---[0m[0m[0m
[0m[[0m[33mwarn[0m] [0m[0mCouldn't resolve a member for the given link query: NullArgumentException[0m
[0m[[0m[33mwarn[0m] [0m[0m[33m[33m-- Warning: dotty/core/src/main/scala/org/scalatest/Assertions.scala:1091:13 ---[0m[0m[0m
[0m[[0m[33mwarn[0m] [0m[0mCouldn't resolve a member for the given link query: NullArgumentException[0m
[0m[[0m[33mwarn[0m] [0m[0m[33m[33m-- Warning: dotty/core/src/main/scala/org/scalatest/Assertions.scala:1072:13 ---[0m[0m[0m
[0m[[0m[33mwarn[0m] [0m[0mCouldn't resolve a member for the given link query: NullArgumentException[0m
[0m[[0m[33mwarn[0m] [0m[0m[33m[33m-- Warning: dotty/core/src/main/scala/org/scalatest/Assertions.scala:1053:13 ---[0m[0m[0m
[0m[[0m[33mwarn[0m] [0m[0mCouldn't resolve a member for the given link query: NullArgumentException[0m
[0m[[0m[33mwarn[0m] [0m[0m[33m[33m-- Warning: dotty/flatspec/target/scala-3/src_managed/main/org/scalatest/flatspec/AnyFlatSpecLike.scala:1784:25 [0m[0m[0m
[0m[[0m[33mwarn[0m] [0m[0mCouldn't resolve a member for the given link query: NullArgumentException[0m
[0m[[0m[33mwarn[0m] [0m[0m[33m[33m-- Warning: dotty/core/src/main/scala/org/scalatest/Assertions.scala:632:13 ----[0m[0m[0m
[0m[[0m[33mwarn[0m] [0m[0mCouldn't resolve a member for the given link query: NullArgumentException[0m
[0m[[0m[33mwarn[0m] [0m[0m[33m[33m-- Warning: dotty/core/src/main/scala/org/scalatest/Assertions.scala:579:13 ----[0m[0m[0m
[0m[[0m[33mwarn[0m] [0m[0mCouldn't resolve a member for the given link query: TestCanceledException[0m
[0m[[0m[33mwarn[0m] [0m[0m[33m[33m-- Warning: dotty/core/target/scala-3/src_managed/main/org/scalatest/Suite.scala:758:12 [0m[0m[0m
[0m[[0m[33mwarn[0m] [0m[0mCouldn't resolve a member for the given link query: NullArgumentException[0m
[0m[[0m[33mwarn[0m] [0m[0m[33m[33m-- Warning: dotty/core/src/main/scala/org/scalatest/Assertions.scala:1301:13 ---[0m[0m[0m
[0m[[0m[33mwarn[0m] [0m[0mCouldn't resolve a member for the given link query: TestPendingException[0m
[0m[[0m[33mwarn[0m] [0m[0m[33m[33m-- Warning: dotty/core/src/main/scala/org/scalatest/Assertions.scala:1195:6 ----[0m[0m[0m
[0m[[0m[33mwarn[0m] [0m[0mCouldn't resolve a member for the given link query: NullArgumentException[0m
[0m[[0m[33mwarn[0m] [0m[0m[33m[33m-- Warning: dotty/funsuite/target/scala-3/src_managed/main/org/scalatest/funsuite/AnyFunSuiteLike.scala:171:11 [0m[0m[0m
[0m[[0m[33mwarn[0m] [0m[0mCouldn't resolve a member for the given link query: DuplicateTestNameException[0m
[0m[[0m[33mwarn[0m] [0m[0m[33m[33m-- Warning: scalatestPlusScalaCheck/src/main/scala/org/scalatestplus/scalacheck/Checkers.scala:369:6 [0m[0m[0m
[0m[[0m[33mwarn[0m] [0m[0mCouldn't resolve a member for the given link query: TestFailedException[0m
[0m[[0m[33mwarn[0m] [0m[0m[33m[33m-- Warning: scalatestPlusScalaCheck/src/main/scala/org/scalatestplus/scalacheck/Checkers.scala:359:6 [0m[0m[0m
[0m[[0m[33mwarn[0m] [0m[0mCouldn't resolve a member for the given link query: TestFailedException[0m
[0m[[0m[33mwarn[0m] [0m[0m[33m[33m-- Warning: scalatestPlusScalaCheck/src/main/scala/org/scalatestplus/scalacheck/Checkers.scala:335:6 [0m[0m[0m
[0m[[0m[33mwarn[0m] [0m[0mCouldn't resolve a member for the given link query: TestFailedException[0m
[0m[[0m[33mwarn[0m] [0m[0m[33m[33m-- Warning: scalatestPlusScalaCheck/src/main/scala/org/scalatestplus/scalacheck/Checkers.scala:313:6 [0m[0m[0m
[0m[[0m[33mwarn[0m] [0m[0mCouldn't resolve a member for the given link query: TestFailedException[0m
[0m[[0m[33mwarn[0m] [0m[0m[33m[33m-- Warning: scalatestPlusScalaCheck/src/main/scala/org/scalatestplus/scalacheck/Checkers.scala:292:6 [0m[0m[0m
[0m[[0m[33mwarn[0m] [0m[0mCouldn't resolve a member for the given link query: TestFailedException[0m
[0m[[0m[33mwarn[0m] [0m[0m[33m[33m-- Warning: scalatestPlusScalaCheck/src/main/scala/org/scalatestplus/scalacheck/Checkers.scala:272:6 [0m[0m[0m
[0m[[0m[33mwarn[0m] [0m[0mCouldn't resolve a member for the given link query: TestFailedException[0m
[0m[[0m[33mwarn[0m] [0m[0m[33m[33m-- Warning: scalatestPlusScalaCheck/src/main/scala/org/scalatestplus/scalacheck/Checkers.scala:253:6 [0m[0m[0m
[0m[[0m[33mwarn[0m] [0m[0mCouldn't resolve a member for the given link query: TestFailedException[0m
[0m[[0m[33mwarn[0m] [0m[0m[33m[33m-- Warning: scalatestPlusScalaCheck/src/main/scala/org/scalatestplus/scalacheck/Checkers.scala:235:6 [0m[0m[0m
[0m[[0m[33mwarn[0m] [0m[0mCouldn't resolve a member for the given link query: TestFailedException[0m
[0m[[0m[33mwarn[0m] [0m[0m[33m[33m-- Warning: dotty/core/target/scala-3/src_managed/main/org/scalatest/prop/Configuration.scala:73:13 [0m[0m[0m
[0m[[0m[33mwarn[0m] [0m[0mCouldn't resolve a member for the given link query: org.scalatest.prop.PropertyCheckResult.Exhausted[0m
[0m[[0m[33mwarn[0m] [0m[0m[33m[33m-- Warning: dotty/core/target/scala-3/src_managed/main/org/scalatest/prop/Configuration.scala:154:13 [0m[0m[0m
[0m[[0m[33mwarn[0m] [0m[0mCouldn't resolve a member for the given link query: org.scalatest.prop.PropertyCheckResult.Exhausted[0m
[0m[[0m[33mwarn[0m] [0m[0m[33m[33m-- Warning: dotty/funsuite/target/scala-3/src_managed/main/org/scalatest/funsuite/AnyFunSuiteLike.scala:142:11 [0m[0m[0m
[0m[[0m[33mwarn[0m] [0m[0mCouldn't resolve a member for the given link query: DuplicateTestNameException[0m
[0m[[0m[33mwarn[0m] [0m[0m[33m[33m-- Warning: dotty/core/target/scala-3/src_managed/main/org/scalatest/prop/Configuration.scala:103:13 [0m[0m[0m
[0m[[0m[33mwarn[0m] [0m[0mCouldn't resolve a member for the given link query: PropertyCheckResult.Success[0m
[0m[[0m[33mwarn[0m] [0m[0m[33m[33m-- Warning: dotty/funsuite/target/scala-3/src_managed/main/org/scalatest/funsuite/AnyFunSuiteLike.scala:252:15 [0m[0m[0m
[0m[[0m[33mwarn[0m] [0m[0mCouldn't resolve a member for the given link query: NullArgumentException[0m
[0m[[0m[33mwarn[0m] [0m[0m[33m[33m-- Warning: dotty/funsuite/target/scala-3/src_managed/main/org/scalatest/funsuite/AnyFunSuiteLike.scala:198:25 [0m[0m[0m
[0m[[0m[33mwarn[0m] [0m[0mCouldn't resolve a member for the given link query: NullArgumentException[0m
[0m[[0m[33mwarn[0m] [0m[0m[33m[33m-- Warning: dotty/funsuite/target/scala-3/src_managed/main/org/scalatest/funsuite/AnyFunSuiteLike.scala:248:25 [0m[0m[0m
[0m[[0m[33mwarn[0m] [0m[0mCouldn't resolve a member for the given link query: NullArgumentException[0m
[0m[[0m[0minfo[0m] [0m[0mSkipping unused scalacOptions: -Wvalue-discard, -Wconf[0m
[0m[[0m[33mwarn[0m] [0m[0mFlag -classpath set repeatedly[0m
[0m[[0m[33mwarn[0m] [0m[0mone warning found[0m
[0m[[0m[33mwarn[0m] [0m[0m[33m[33m-- Warning: dotty/core/target/scala-3/src_managed/main/org/scalatest/BeforeAndAfter.scala:137:16 [0m[0m[0m
[0m[[0m[33mwarn[0m] [0m[0mCouldn't resolve a member for the given link query: NotAllowedException[0m
[0m[[0m[33mwarn[0m] [0m[0m[33m[33m-- Warning: dotty/core/target/scala-3/src_managed/main/org/scalatest/BeforeAndAfter.scala:157:16 [0m[0m[0m
[0m[[0m[33mwarn[0m] [0m[0mCouldn't resolve a member for the given link query: NotAllowedException[0m
[0m[[0m[33mwarn[0m] [0m[0m21 warnings found[0m
[0m[[0m[33mwarn[0m] [0m[0m[33m[33m-- Warning: dotty/core/target/scala-3/src_managed/main/org/scalatest/PrivateMethodTester.scala:95:14 [0m[0m[0m
[0m[[0m[33mwarn[0m] [0m[0mCouldn't resolve a member for the given link query: NullArgumentException[0m
[0m[[0m[33mwarn[0m] [0m[0m[33m[33m-- Warning: dotty/core/target/scala-3/src_managed/main/org/scalatest/PrivateMethodTester.scala:136:14 [0m[0m[0m
[0m[[0m[33mwarn[0m] [0m[0mCouldn't resolve a member for the given link query: NullArgumentException[0m
[0m[[0m[33mwarn[0m] [0m[0m[33m[33m-- Warning: dotty/core/target/scala-3/src_managed/main/org/scalatest/PrivateMethodTester.scala:280:15 [0m[0m[0m
[0m[[0m[33mwarn[0m] [0m[0mCouldn't resolve a member for the given link query: NullArgumentException[0m
[0m[[0m[0minfo[0m] [0m[0mMain Scala API documentation successful.[0m
[0m[[0m[33mwarn[0m] [0m[0mone warning found[0m
[0m[[0m[33mwarn[0m] [0m[0m23 warnings found[0m
[0m[[0m[33mwarn[0m] [0m[0m[33m[33m-- Warning: dotty/core/src/main/scala/org/scalatest/Assertions.scala:818:13 ----[0m[0m[0m
[0m[[0m[33mwarn[0m] [0m[0mCouldn't resolve a member for the given link query: TestFailedException[0m
[0m[[0m[33mwarn[0m] [0m[0m[33m[33m-- Warning: dotty/core/src/main/scala/org/scalatest/Assertions.scala:757:13 ----[0m[0m[0m
[0m[[0m[33mwarn[0m] [0m[0mCouldn't resolve a member for the given link query: TestFailedException[0m
[0m[[0m[0minfo[0m] [0m[0mTest Scala API documentation successful.[0m
[0m[[0m[33mwarn[0m] [0m[0m[33m[33m-- Warning: dotty/core/src/main/scala/org/scalatest/Assertions.scala:983:13 ----[0m[0m[0m
[0m[[0m[33mwarn[0m] [0m[0mCouldn't resolve a member for the given link query: TestFailedException[0m
[0m[[0m[33mwarn[0m] [0m[0m[33m[33m-- Warning: dotty/core/src/main/scala/org/scalatest/Assertions.scala:959:13 ----[0m[0m[0m
[0m[[0m[33mwarn[0m] [0m[0mCouldn't resolve a member for the given link query: TestFailedException[0m
[0m[[0m[33mwarn[0m] [0m[0m[33m[33m-- Warning: dotty/core/src/main/scala/org/scalatest/Assertions.scala:531:13 ----[0m[0m[0m
[0m[[0m[33mwarn[0m] [0m[0mCouldn't resolve a member for the given link query: NullArgumentException[0m
[0m[[0m[33mwarn[0m] [0m[0m[33m[33m-- Warning: dotty/core/src/main/scala/org/scalatest/Assertions.scala:472:13 ----[0m[0m[0m
[0m[[0m[33mwarn[0m] [0m[0mCouldn't resolve a member for the given link query: TestFailedException[0m
[0m[[0m[33mwarn[0m] [0m[0m[33m[33m-- Warning: dotty/flatspec/target/scala-3/src_managed/main/org/scalatest/flatspec/AnyFlatSpecLike.scala:1828:15 [0m[0m[0m
[0m[[0m[33mwarn[0m] [0m[0mCouldn't resolve a member for the given link query: NullArgumentException[0m
[0m[[0m[33mwarn[0m] [0m[0m[33m[33m-- Warning: dotty/flatspec/target/scala-3/src_managed/main/org/scalatest/flatspec/AnyFlatSpecLike.scala:1709:25 [0m[0m[0m
[0m[[0m[33mwarn[0m] [0m[0mCouldn't resolve a member for the given link query: NullArgumentException[0m
[0m[[0m[33mwarn[0m] [0m[0m[33m[33m-- Warning: dotty/core/src/main/scala/org/scalatest/Assertions.scala:1153:13 ---[0m[0m[0m
[0m[[0m[33mwarn[0m] [0m[0mCouldn't resolve a member for the given link query: NullArgumentException[0m
[0m[[0m[33mwarn[0m] [0m[0m[33m[33m-- Warning: dotty/core/src/main/scala/org/scalatest/Assertions.scala:1134:13 ---[0m[0m[0m
[0m[[0m[33mwarn[0m] [0m[0mCouldn't resolve a member for the given link query: NullArgumentException[0m
[0m[[0m[33mwarn[0m] [0m[0m[33m[33m-- Warning: dotty/core/src/main/scala/org/scalatest/Assertions.scala:1115:13 ---[0m[0m[0m
[0m[[0m[33mwarn[0m] [0m[0mCouldn't resolve a member for the given link query: NullArgumentException[0m
[0m[[0m[33mwarn[0m] [0m[0m[33m[33m-- Warning: dotty/core/src/main/scala/org/scalatest/Assertions.scala:1091:13 ---[0m[0m[0m
[0m[[0m[33mwarn[0m] [0m[0mCouldn't resolve a member for the given link query: NullArgumentException[0m
[0m[[0m[33mwarn[0m] [0m[0m[33m[33m-- Warning: dotty/core/src/main/scala/org/scalatest/Assertions.scala:1072:13 ---[0m[0m[0m
[0m[[0m[33mwarn[0m] [0m[0mCouldn't resolve a member for the given link query: NullArgumentException[0m
[0m[[0m[33mwarn[0m] [0m[0m[33m[33m-- Warning: dotty/core/src/main/scala/org/scalatest/Assertions.scala:1053:13 ---[0m[0m[0m
[0m[[0m[33mwarn[0m] [0m[0mCouldn't resolve a member for the given link query: NullArgumentException[0m
[0m[[0m[33mwarn[0m] [0m[0m[33m[33m-- Warning: dotty/flatspec/target/scala-3/src_managed/main/org/scalatest/flatspec/AnyFlatSpecLike.scala:1784:25 [0m[0m[0m
[0m[[0m[33mwarn[0m] [0m[0mCouldn't resolve a member for the given link query: NullArgumentException[0m
[0m[[0m[33mwarn[0m] [0m[0m[33m[33m-- Warning: dotty/core/src/main/scala/org/scalatest/Assertions.scala:632:13 ----[0m[0m[0m
[0m[[0m[33mwarn[0m] [0m[0mCouldn't resolve a member for the given link query: NullArgumentException[0m
[0m[[0m[33mwarn[0m] [0m[0m[33m[33m-- Warning: dotty/core/src/main/scala/org/scalatest/Assertions.scala:579:13 ----[0m[0m[0m
[0m[[0m[33mwarn[0m] [0m[0mCouldn't resolve a member for the given link query: TestCanceledException[0m
[0m[[0m[33mwarn[0m] [0m[0m[33m[33m-- Warning: dotty/core/target/scala-3/src_managed/main/org/scalatest/Suite.scala:758:12 [0m[0m[0m
[0m[[0m[33mwarn[0m] [0m[0mCouldn't resolve a member for the given link query: NullArgumentException[0m
[0m[[0m[33mwarn[0m] [0m[0m[33m[33m-- Warning: dotty/core/src/main/scala/org/scalatest/Assertions.scala:1301:13 ---[0m[0m[0m
[0m[[0m[33mwarn[0m] [0m[0mCouldn't resolve a member for the given link query: TestPendingException[0m
[0m[[0m[33mwarn[0m] [0m[0m[33m[33m-- Warning: dotty/core/src/main/scala/org/scalatest/Assertions.scala:1195:6 ----[0m[0m[0m
[0m[[0m[33mwarn[0m] [0m[0mCouldn't resolve a member for the given link query: NullArgumentException[0m
[0m[[0m[33mwarn[0m] [0m[0m21 warnings found[0m
[0m[[0m[0minfo[0m] [0m[0mMain Scala API documentation successful.[0m
[0m[[0m[0minfo[0m] [0m[0mTest Scala API documentation to /Users/rhillyard/IdeaProjects/Number2026/top/target/scala-3.7.3/test-api...[0m
[0m[[0m[0minfo[0m] [0m[0mTest Scala API documentation successful.[0m
[0m[[0m[0minfo[0m] [0m[0mgpg: using "B8B0077E1C085958" as default secret key for signing[0m
[0m[[0m[0minfo[0m] [0m[0mTest Scala API documentation successful.[0m
[0m[[0m[0minfo[0m] [0m[0mSkipping unused scalacOptions: -Wvalue-discard, -Wconf[0m
[0m[[0m[33mwarn[0m] [0m[0mFlag -classpath set repeatedly[0m
[0m[[0m[0minfo[0m] [0m[0mgpg: using "B8B0077E1C085958" as default secret key for signing[0m
[0m[[0m[33mwarn[0m] [0m[0m40 warnings found[0m
[0m[[0m[31merror[0m] [0m[0mLoading Scala 3 binary from /Users/rhillyard/IdeaProjects/Number2026/core/target/scala-3.7.3/classes/com/phasmidsoftware/number/core/numerical/package.class. It should have been loaded from `.tasty` file. This `.tasty` file is missing. Try cleaning the project to fix this issue.[0m
[0m[[0m[31merror[0m] [0m[0mLoading Scala 3 binary from /Users/rhillyard/IdeaProjects/Number2026/core/target/scala-3.7.3/classes/com/phasmidsoftware/number/core/numerical/Field.class. It should have been loaded from `.tasty` file. This `.tasty` file is missing. Try cleaning the project to fix this issue.[0m
[0m[[0m[31merror[0m] [0m[0mLoading Scala 3 binary from /Users/rhillyard/IdeaProjects/Number2026/core/target/scala-3.7.3/classes/com/phasmidsoftware/number/core/numerical/Numerical.class. It should have been loaded from `.tasty` file. This `.tasty` file is missing. Try cleaning the project to fix this issue.[0m
[0m[[0m[31merror[0m] [0m[0mLoading Scala 3 binary from /Users/rhillyard/IdeaProjects/Number2026/core/target/scala-3.7.3/classes/com/phasmidsoftware/number/core/numerical/NumberLike.class. It should have been loaded from `.tasty` file. This `.tasty` file is missing. Try cleaning the project to fix this issue.[0m
[0m[[0m[31merror[0m] [0m[0mLoading Scala 3 binary from /Users/rhillyard/IdeaProjects/Number2026/core/target/scala-3.7.3/classes/com/phasmidsoftware/number/core/numerical/Approximatable.class. It should have been loaded from `.tasty` file. This `.tasty` file is missing. Try cleaning the project to fix this issue.[0m
[0m[[0m[0minfo[0m] [0m[0m[0m
[0m[[0m[0minfo[0m] [0m[0m  exception occurred while readTasty class file com.phasmidsoftware.number.top.FunctionalSpec[0m
[0m[[0m[0minfo[0m] [0m[0m[0m
[0m[[0m[0minfo[0m] [0m[0m  An unhandled exception was thrown in the compiler.[0m
[0m[[0m[0minfo[0m] [0m[0m  Please file a crash report here:[0m
[0m[[0m[0minfo[0m] [0m[0m  https://github.com/scala/scala3/issues/new/choose[0m
[0m[[0m[0minfo[0m] [0m[0m  For non-enriched exceptions, compile with -Xno-enrich-error-messages.[0m
[0m[[0m[0minfo[0m] [0m[0m[0m
[0m[[0m[0minfo[0m] [0m[0m[0m
[0m[[0m[0minfo[0m] [0m[0m     while compiling: class file com.phasmidsoftware.number.top.FunctionalSpec[0m
[0m[[0m[0minfo[0m] [0m[0m        during phase: readTasty[0m
[0m[[0m[0minfo[0m] [0m[0m                mode: Mode(ImplicitsEnabled,ReadPositions)[0m
[0m[[0m[0minfo[0m] [0m[0m     library version: version 2.13.16[0m
[0m[[0m[0minfo[0m] [0m[0m    compiler version: version 3.7.3[0m
[0m[[0m[0minfo[0m] [0m[0m            settings: -Xread-docs true -Yretain-trees true -classpath /Users/rhillyard/IdeaProjects/Number2026/top/target/scala-3.7.3/test-classes/:/Users/rhillyard/IdeaProjects/Number2026/top/target/scala-3.7.3/classes:/Users/rhillyard/IdeaProjects/Number2026/core/target/scala-3.7.3/classes:/Users/rhillyard/IdeaProjects/Number2026/algebra/target/scala-3.7.3/classes:/Users/rhillyard/IdeaProjects/Number2026/expression/target/scala-3.7.3/classes:/Users/rhillyard/IdeaProjects/Number2026/parse/target/scala-3.7.3/classes:/Users/rhillyard/IdeaProjects/Number2026/dimensions/target/scala-3.7.3/classes:/Users/rhillyard/Library/Caches/Coursier/v1/https/repo1.maven.org/maven2/org/scalatest/scalatest_3/3.2.19/scalatest_3-3.2.19.jar:/Users/rhillyard/Library/Caches/Coursier/v1/https/repo1.maven.org/maven2/com/typesafe/config/1.4.5/config-1.4.5.jar:/Users/rhillyard/Library/Caches/Coursier/v1/https/repo1.maven.org/maven2/ch/qos/logback/logback-classic/1.5.29/logback-classic-1.5.29.jar:/Users/rhillyard/Library/Caches/Coursier/v1/https/repo1.maven.org/maven2/org/scala-lang/scala3-library_3/3.7.3/scala3-library_3-3.7.3.jar:/Users/rhillyard/.ivy2/local/com.phasmidsoftware/flog_3/1.0.12/jars/flog_3.jar:/Users/rhillyard/.ivy2/local/com.phasmidsoftware/matchers_3/1.0.13/jars/matchers_3.jar:/Users/rhillyard/Library/Caches/Coursier/v1/https/repo1.maven.org/maven2/org/apache/commons/commons-math3/3.6.1/commons-math3-3.6.1.jar:/Users/rhillyard/Library/Caches/Coursier/v1/https/repo1.maven.org/maven2/org/scala-lang/modules/scala-parser-combinators_3/2.4.0/scala-parser-combinators_3-2.4.0.jar:/Users/rhillyard/Library/Caches/Coursier/v1/https/repo1.maven.org/maven2/org/typelevel/spire_3/0.18.0/spire_3-0.18.0.jar:/Users/rhillyard/Library/Caches/Coursier/v1/https/repo1.maven.org/maven2/org/typelevel/cats-kernel_3/2.13.0/cats-kernel_3-2.13.0.jar:/Users/rhillyard/Library/Caches/Coursier/v1/https/repo1.maven.org/maven2/org/typelevel/cats-core_3/2.13.0/cats-core_3-2.13.0.jar:/Users/rhillyard/Library/Caches/Coursier/v1/https/repo1.maven.org/maven2/com/lihaoyi/fastparse_3/3.1.1/fastparse_3-3.1.1.jar:/Users/rhillyard/Library/Caches/Coursier/v1/https/repo1.maven.org/maven2/org/scalatest/scalatest-core_3/3.2.19/scalatest-core_3-3.2.19.jar:/Users/rhillyard/Library/Caches/Coursier/v1/https/repo1.maven.org/maven2/org/scalatest/scalatest-featurespec_3/3.2.19/scalatest-featurespec_3-3.2.19.jar:/Users/rhillyard/Library/Caches/Coursier/v1/https/repo1.maven.org/maven2/org/scalatest/scalatest-flatspec_3/3.2.19/scalatest-flatspec_3-3.2.19.jar:/Users/rhillyard/Library/Caches/Coursier/v1/https/repo1.maven.org/maven2/org/scalatest/scalatest-freespec_3/3.2.19/scalatest-freespec_3-3.2.19.jar:/Users/rhillyard/Library/Caches/Coursier/v1/https/repo1.maven.org/maven2/org/scalatest/scalatest-funsuite_3/3.2.19/scalatest-funsuite_3-3.2.19.jar:/Users/rhillyard/Library/Caches/Coursier/v1/https/repo1.maven.org/maven2/org/scalatest/scalatest-funspec_3/3.2.19/scalatest-funspec_3-3.2.19.jar:/Users/rhillyard/Library/Caches/Coursier/v1/https/repo1.maven.org/maven2/org/scalatest/scalatest-propspec_3/3.2.19/scalatest-propspec_3-3.2.19.jar:/Users/rhillyard/Library/Caches/Coursier/v1/https/repo1.maven.org/maven2/org/scalatest/scalatest-refspec_3/3.2.19/scalatest-refspec_3-3.2.19.jar:/Users/rhillyard/Library/Caches/Coursier/v1/https/repo1.maven.org/maven2/org/scalatest/scalatest-wordspec_3/3.2.19/scalatest-wordspec_3-3.2.19.jar:/Users/rhillyard/Library/Caches/Coursier/v1/https/repo1.maven.org/maven2/org/scalatest/scalatest-diagrams_3/3.2.19/scalatest-diagrams_3-3.2.19.jar:/Users/rhillyard/Library/Caches/Coursier/v1/https/repo1.maven.org/maven2/org/scalatest/scalatest-matchers-core_3/3.2.19/scalatest-matchers-core_3-3.2.19.jar:/Users/rhillyard/Library/Caches/Coursier/v1/https/repo1.maven.org/maven2/org/scalatest/scalatest-shouldmatchers_3/3.2.19/scalatest-shouldmatchers_3-3.2.19.jar:/Users/rhillyard/Library/Caches/Coursier/v1/https/repo1.maven.org/maven2/org/scalatest/scalatest-mustmatchers_3/3.2.19/scalatest-mustmatchers_3-3.2.19.jar:/Users/rhillyard/Library/Caches/Coursier/v1/https/repo1.maven.org/maven2/ch/qos/logback/logback-core/1.5.29/logback-core-1.5.29.jar:/Users/rhillyard/Library/Caches/Coursier/v1/https/repo1.maven.org/maven2/org/slf4j/slf4j-api/2.0.17/slf4j-api-2.0.17.jar:/Users/rhillyard/Library/Caches/Coursier/v1/https/repo1.maven.org/maven2/org/scala-lang/scala-library/2.13.16/scala-library-2.13.16.jar:/Users/rhillyard/Library/Caches/Coursier/v1/https/repo1.maven.org/maven2/org/typelevel/spire-macros_3/0.18.0/spire-macros_3-0.18.0.jar:/Users/rhillyard/Library/Caches/Coursier/v1/https/repo1.maven.org/maven2/org/typelevel/spire-platform_3/0.18.0/spire-platform_3-0.18.0.jar:/Users/rhillyard/Library/Caches/Coursier/v1/https/repo1.maven.org/maven2/org/typelevel/spire-util_3/0.18.0/spire-util_3-0.18.0.jar:/Users/rhillyard/Library/Caches/Coursier/v1/https/repo1.maven.org/maven2/org/typelevel/algebra_3/2.8.0/algebra_3-2.8.0.jar:/Users/rhillyard/Library/Caches/Coursier/v1/https/repo1.maven.org/maven2/com/lihaoyi/sourcecode_3/0.4.0/sourcecode_3-0.4.0.jar:/Users/rhillyard/Library/Caches/Coursier/v1/https/repo1.maven.org/maven2/com/lihaoyi/geny_3/1.1.0/geny_3-1.1.0.jar:/Users/rhillyard/Library/Caches/Coursier/v1/https/repo1.maven.org/maven2/org/scalactic/scalactic_3/3.2.19/scalactic_3-3.2.19.jar:/Users/rhillyard/Library/Caches/Coursier/v1/https/repo1.maven.org/maven2/org/scalatest/scalatest-compatible/3.2.19/scalatest-compatible-3.2.19.jar:/Users/rhillyard/Library/Caches/Coursier/v1/https/repo1.maven.org/maven2/org/scala-lang/modules/scala-xml_3/2.1.0/scala-xml_3-2.1.0.jar:/Users/rhillyard/.sbt/boot/scala-2.12.20/org.scala-sbt/sbt/1.11.7/test-interface-1.0.jar:/Users/rhillyard/.sbt/boot/scala-2.12.20/org.scala-sbt/sbt/1.11.7/util-interface-1.11.7.jar:/Users/rhillyard/.sbt/boot/scala-2.12.20/org.scala-sbt/sbt/1.11.7/compiler-interface-1.11.0.jar:/Users/rhillyard/.sbt/boot/scala-2.12.20/org.scala-sbt/sbt/1.11.7/jline-terminal-3.27.1.jar:/Users/rhillyard/.sbt/boot/scala-2.12.20/org.scala-sbt/sbt/1.11.7/jline-terminal-jni-3.27.1.jar:/Users/rhillyard/.sbt/boot/scala-2.12.20/org.scala-sbt/sbt/1.11.7/jline-2.14.7-sbt-9a88bc413e2b34a4580c001c654d1a7f4f65bf18.jar:/Users/rhillyard/.sbt/boot/scala-2.12.20/org.scala-sbt/sbt/1.11.7/jline-native-3.27.1.jar:/Users/rhillyard/.sbt/boot/scala-2.12.20/org.scala-sbt/sbt/1.11.7/jansi-2.4.1.jar:/Users/rhillyard/Library/Caches/Coursier/v1/https/repo1.maven.org/maven2/org/scala-lang/scala3-library_3/3.7.3/scala3-library_3-3.7.3.jar:/Users/rhillyard/Library/Caches/Coursier/v1/https/repo1.maven.org/maven2/org/scala-lang/scala-library/2.13.16/scala-library-2.13.16.jar:/Users/rhillyard/Library/Caches/Coursier/v1/https/repo1.maven.org/maven2/org/scala-lang/scala3-library_3/3.7.3/scala3-library_3-3.7.3.jar:/Users/rhillyard/Library/Caches/Coursier/v1/https/repo1.maven.org/maven2/org/scala-lang/scala-library/2.13.16/scala-library-2.13.16.jar:/Users/rhillyard/Library/Caches/Coursier/v1/https/repo1.maven.org/maven2/org/scala-lang/scala3-compiler_3/3.7.3/scala3-compiler_3-3.7.3.jar:/Users/rhillyard/Library/Caches/Coursier/v1/https/repo1.maven.org/maven2/org/scala-lang/scala3-interfaces/3.7.3/scala3-interfaces-3.7.3.jar:/Users/rhillyard/Library/Caches/Coursier/v1/https/repo1.maven.org/maven2/org/scala-lang/tasty-core_3/3.7.3/tasty-core_3-3.7.3.jar:/Users/rhillyard/Library/Caches/Coursier/v1/https/repo1.maven.org/maven2/org/scala-lang/modules/scala-asm/9.8.0-scala-1/scala-asm-9.8.0-scala-1.jar:/Users/rhillyard/Library/Caches/Coursier/v1/https/repo1.maven.org/maven2/org/scala-sbt/compiler-interface/1.10.7/compiler-interface-1.10.7.jar:/Users/rhillyard/Library/Caches/Coursier/v1/https/repo1.maven.org/maven2/org/jline/jline-reader/3.29.0/jline-reader-3.29.0.jar:/Users/rhillyard/Library/Caches/Coursier/v1/https/repo1.maven.org/maven2/org/jline/jline-terminal/3.29.0/jline-terminal-3.29.0.jar:/Users/rhillyard/Library/Caches/Coursier/v1/https/repo1.maven.org/maven2/org/jline/jline-terminal-jni/3.29.0/jline-terminal-jni-3.29.0.jar:/Users/rhillyard/Library/Caches/Coursier/v1/https/repo1.maven.org/maven2/org/scala-sbt/util-interface/1.10.7/util-interface-1.10.7.jar:/Users/rhillyard/Library/Caches/Coursier/v1/https/repo1.maven.org/maven2/org/jline/jline-native/3.29.0/jline-native-3.29.0.jar:/Users/rhillyard/Library/Caches/Coursier/v1/https/repo1.maven.org/maven2/org/scala-lang/scala3-compiler_3/3.7.3/scala3-compiler_3-3.7.3.jar:/Users/rhillyard/Library/Caches/Coursier/v1/https/repo1.maven.org/maven2/org/scala-lang/scala3-interfaces/3.7.3/scala3-interfaces-3.7.3.jar:/Users/rhillyard/Library/Caches/Coursier/v1/https/repo1.maven.org/maven2/org/scala-lang/tasty-core_3/3.7.3/tasty-core_3-3.7.3.jar:/Users/rhillyard/Library/Caches/Coursier/v1/https/repo1.maven.org/maven2/org/scala-lang/modules/scala-asm/9.8.0-scala-1/scala-asm-9.8.0-scala-1.jar:/Users/rhillyard/Library/Caches/Coursier/v1/https/repo1.maven.org/maven2/org/scala-sbt/compiler-interface/1.10.7/compiler-interface-1.10.7.jar:/Users/rhillyard/Library/Caches/Coursier/v1/https/repo1.maven.org/maven2/org/jline/jline-reader/3.29.0/jline-reader-3.29.0.jar:/Users/rhillyard/Library/Caches/Coursier/v1/https/repo1.maven.org/maven2/org/jline/jline-terminal/3.29.0/jline-terminal-3.29.0.jar:/Users/rhillyard/Library/Caches/Coursier/v1/https/repo1.maven.org/maven2/org/jline/jline-terminal-jni/3.29.0/jline-terminal-jni-3.29.0.jar:/Users/rhillyard/Library/Caches/Coursier/v1/https/repo1.maven.org/maven2/org/scala-sbt/util-interface/1.10.7/util-interface-1.10.7.jar:/Users/rhillyard/Library/Caches/Coursier/v1/https/repo1.maven.org/maven2/org/jline/jline-native/3.29.0/jline-native-3.29.0.jar:/Users/rhillyard/Library/Caches/Coursier/v1/https/repo1.maven.org/maven2/org/scala-lang/scaladoc_3/3.7.3/scaladoc_3-3.7.3.jar:/Users/rhillyard/Library/Caches/Coursier/v1/https/repo1.maven.org/maven2/org/scala-lang/scala3-tasty-inspector_3/3.7.3/scala3-tasty-inspector_3-3.7.3.jar:/Users/rhillyard/Library/Caches/Coursier/v1/https/repo1.maven.org/maven2/com/vladsch/flexmark/flexmark/0.62.2/flexmark-0.62.2.jar:/Users/rhillyard/Library/Caches/Coursier/v1/https/repo1.maven.org/maven2/com/vladsch/flexmark/flexmark-util-ast/0.62.2/flexmark-util-ast-0.62.2.jar:/Users/rhillyard/Library/Caches/Coursier/v1/https/repo1.maven.org/maven2/com/vladsch/flexmark/flexmark-util-data/0.62.2/flexmark-util-data-0.62.2.jar:/Users/rhillyard/Library/Caches/Coursier/v1/https/repo1.maven.org/maven2/com/vladsch/flexmark/flexmark-util-html/0.62.2/flexmark-util-html-0.62.2.jar:/Users/rhillyard/Library/Caches/Coursier/v1/https/repo1.maven.org/maven2/com/vladsch/flexmark/flexmark-ext-anchorlink/0.62.2/flexmark-ext-anchorlink-0.62.2.jar:/Users/rhillyard/Library/Caches/Coursier/v1/https/repo1.maven.org/maven2/com/vladsch/flexmark/flexmark-ext-autolink/0.62.2/flexmark-ext-autolink-0.62.2.jar:/Users/rhillyard/Library/Caches/Coursier/v1/https/repo1.maven.org/maven2/com/vladsch/flexmark/flexmark-ext-emoji/0.62.2/flexmark-ext-emoji-0.62.2.jar:/Users/rhillyard/Library/Caches/Coursier/v1/https/repo1.maven.org/maven2/com/vladsch/flexmark/flexmark-ext-gfm-strikethrough/0.62.2/flexmark-ext-gfm-strikethrough-0.62.2.jar:/Users/rhillyard/Library/Caches/Coursier/v1/https/repo1.maven.org/maven2/com/vladsch/flexmark/flexmark-ext-gfm-tasklist/0.62.2/flexmark-ext-gfm-tasklist-0.62.2.jar:/Users/rhillyard/Library/Caches/Coursier/v1/https/repo1.maven.org/maven2/com/vladsch/flexmark/flexmark-ext-wikilink/0.62.2/flexmark-ext-wikilink-0.62.2.jar:/Users/rhillyard/Library/Caches/Coursier/v1/https/repo1.maven.org/maven2/com/vladsch/flexmark/flexmark-ext-tables/0.62.2/flexmark-ext-tables-0.62.2.jar:/Users/rhillyard/Library/Caches/Coursier/v1/https/repo1.maven.org/maven2/com/vladsch/flexmark/flexmark-ext-yaml-front-matter/0.62.2/flexmark-ext-yaml-front-matter-0.62.2.jar:/Users/rhillyard/Library/Caches/Coursier/v1/https/repo1.maven.org/maven2/nl/big-o/liqp/0.8.2/liqp-0.8.2.jar:/Users/rhillyard/Library/Caches/Coursier/v1/https/repo1.maven.org/maven2/org/jsoup/jsoup/1.17.2/jsoup-1.17.2.jar:/Users/rhillyard/Library/Caches/Coursier/v1/https/repo1.maven.org/maven2/com/fasterxml/jackson/dataformat/jackson-dataformat-yaml/2.15.1/jackson-dataformat-yaml-2.15.1.jar:/Users/rhillyard/Library/Caches/Coursier/v1/https/repo1.maven.org/maven2/com/vladsch/flexmark/flexmark-util-builder/0.62.2/flexmark-util-builder-0.62.2.jar:/Users/rhillyard/Library/Caches/Coursier/v1/https/repo1.maven.org/maven2/com/vladsch/flexmark/flexmark-util-collection/0.62.2/flexmark-util-collection-0.62.2.jar:/Users/rhillyard/Library/Caches/Coursier/v1/https/repo1.maven.org/maven2/com/vladsch/flexmark/flexmark-util-dependency/0.62.2/flexmark-util-dependency-0.62.2.jar:/Users/rhillyard/Library/Caches/Coursier/v1/https/repo1.maven.org/maven2/com/vladsch/flexmark/flexmark-util-format/0.62.2/flexmark-util-format-0.62.2.jar:/Users/rhillyard/Library/Caches/Coursier/v1/https/repo1.maven.org/maven2/com/vladsch/flexmark/flexmark-util-misc/0.62.2/flexmark-util-misc-0.62.2.jar:/Users/rhillyard/Library/Caches/Coursier/v1/https/repo1.maven.org/maven2/com/vladsch/flexmark/flexmark-util-sequence/0.62.2/flexmark-util-sequence-0.62.2.jar:/Users/rhillyard/Library/Caches/Coursier/v1/https/repo1.maven.org/maven2/com/vladsch/flexmark/flexmark-util-visitor/0.62.2/flexmark-util-visitor-0.62.2.jar:/Users/rhillyard/Library/Caches/Coursier/v1/https/repo1.maven.org/maven2/org/jetbrains/annotations/15.0/annotations-15.0.jar:/Users/rhillyard/Library/Caches/Coursier/v1/https/repo1.maven.org/maven2/com/vladsch/flexmark/flexmark-util/0.62.2/flexmark-util-0.62.2.jar:/Users/rhillyard/Library/Caches/Coursier/v1/https/repo1.maven.org/maven2/org/nibor/autolink/autolink/0.6.0/autolink-0.6.0.jar:/Users/rhillyard/Library/Caches/Coursier/v1/https/repo1.maven.org/maven2/com/vladsch/flexmark/flexmark-jira-converter/0.62.2/flexmark-jira-converter-0.62.2.jar:/Users/rhillyard/Library/Caches/Coursier/v1/https/repo1.maven.org/maven2/org/antlr/antlr4-runtime/4.7.2/antlr4-runtime-4.7.2.jar:/Users/rhillyard/Library/Caches/Coursier/v1/https/repo1.maven.org/maven2/com/fasterxml/jackson/core/jackson-annotations/2.15.1/jackson-annotations-2.15.1.jar:/Users/rhillyard/Library/Caches/Coursier/v1/https/repo1.maven.org/maven2/com/fasterxml/jackson/core/jackson-core/2.15.1/jackson-core-2.15.1.jar:/Users/rhillyard/Library/Caches/Coursier/v1/https/repo1.maven.org/maven2/com/fasterxml/jackson/core/jackson-databind/2.15.1/jackson-databind-2.15.1.jar:/Users/rhillyard/Library/Caches/Coursier/v1/https/repo1.maven.org/maven2/com/fasterxml/jackson/datatype/jackson-datatype-jsr310/2.12.1/jackson-datatype-jsr310-2.12.1.jar:/Users/rhillyard/Library/Caches/Coursier/v1/https/repo1.maven.org/maven2/ua/co/k/strftime4j/1.0.5/strftime4j-1.0.5.jar:/Users/rhillyard/Library/Caches/Coursier/v1/https/repo1.maven.org/maven2/org/yaml/snakeyaml/2.0/snakeyaml-2.0.jar:/Users/rhillyard/Library/Caches/Coursier/v1/https/repo1.maven.org/maven2/com/vladsch/flexmark/flexmark-util-options/0.62.2/flexmark-util-options-0.62.2.jar:/Users/rhillyard/Library/Caches/Coursier/v1/https/repo1.maven.org/maven2/com/vladsch/flexmark/flexmark-ext-ins/0.62.2/flexmark-ext-ins-0.62.2.jar:/Users/rhillyard/Library/Caches/Coursier/v1/https/repo1.maven.org/maven2/com/vladsch/flexmark/flexmark-ext-superscript/0.62.2/flexmark-ext-superscript-0.62.2.jar -d /Users/rhillyard/IdeaProjects/Number2026/top/target/scala-3.7.3/test-api -deprecation true -explain true -feature true -from-tasty true[0m
[0m[[0m[0minfo[0m] [0m[0mMain Scala API documentation successful.[0m
[0m[[0m[0minfo[0m] [0m[0mgpg: using "B8B0077E1C085958" as default secret key for signing[0m
[0m[[0m[0minfo[0m] [0m[0mgpg: using "B8B0077E1C085958" as default secret key for signing[0m
[0m[[0m[0minfo[0m] [0m[0mgpg: using "B8B0077E1C085958" as default secret key for signing[0m
[0m[[0m[0minfo[0m] [0m[0mTest Scala API documentation successful.[0m
[0m[[0m[0minfo[0m] [0m[0mgpg: using "B8B0077E1C085958" as default secret key for signing[0m
[0m[[0m[0minfo[0m] [0m[0mgpg: using "B8B0077E1C085958" as default secret key for signing[0m
[0m[[0m[0minfo[0m] [0m[0mgpg: using "B8B0077E1C085958" as default secret key for signing[0m
[0m[[0m[0minfo[0m] [0m[0mgpg: using "B8B0077E1C085958" as default secret key for signing[0m
[0m[[0m[0minfo[0m] [0m[0mgpg: using "B8B0077E1C085958" as default secret key for signing[0m
[0m[[0m[0minfo[0m] [0m[0mgpg: using "B8B0077E1C085958" as default secret key for signing[0m
[0m[[0m[0minfo[0m] [0m[0mgpg: using "B8B0077E1C085958" as default secret key for signing[0m
[0m[[0m[0minfo[0m] [0m[0mgpg: using "B8B0077E1C085958" as default secret key for signing[0m
[0m[[0m[0minfo[0m] [0m[0mgpg: using "B8B0077E1C085958" as default secret key for signing[0m
[0m[[0m[0minfo[0m] [0m[0mgpg: using "B8B0077E1C085958" as default secret key for signing[0m
[0m[[0m[0minfo[0m] [0m[0mgpg: using "B8B0077E1C085958" as default secret key for signing[0m
[0m[[0m[0minfo[0m] [0m[0mgpg: using "B8B0077E1C085958" as default secret key for signing[0m
[0m[[0m[0minfo[0m] [0m[0mgpg: using "B8B0077E1C085958" as default secret key for signing[0m
[0m[[0m[0minfo[0m] [0m[0m	published number_3 to /Users/rhillyard/IdeaProjects/Number2026/target/sona-staging/com/phasmidsoftware/number_3/1.6.8.part/number_3-1.6.8-tests-javadoc.jar[0m
[0m[[0m[0minfo[0m] [0m[0m	published number_3 to /Users/rhillyard/IdeaProjects/Number2026/target/sona-staging/com/phasmidsoftware/number_3/1.6.8.part/number_3-1.6.8-sources.jar[0m
[0m[[0m[0minfo[0m] [0m[0m	published number_3 to /Users/rhillyard/IdeaProjects/Number2026/target/sona-staging/com/phasmidsoftware/number_3/1.6.8.part/number_3-1.6.8.jar[0m
[0m[[0m[0minfo[0m] [0m[0m	published number_3 to /Users/rhillyard/IdeaProjects/Number2026/target/sona-staging/com/phasmidsoftware/number_3/1.6.8.part/number_3-1.6.8-tests.jar.asc[0m
[0m[[0m[0minfo[0m] [0m[0m	published number_3 to /Users/rhillyard/IdeaProjects/Number2026/target/sona-staging/com/phasmidsoftware/number_3/1.6.8.part/number_3-1.6.8-javadoc.jar[0m
[0m[[0m[0minfo[0m] [0m[0m	published number_3 to /Users/rhillyard/IdeaProjects/Number2026/target/sona-staging/com/phasmidsoftware/number_3/1.6.8.part/number_3-1.6.8.jar.asc[0m
[0m[[0m[0minfo[0m] [0m[0m	published number_3 to /Users/rhillyard/IdeaProjects/Number2026/target/sona-staging/com/phasmidsoftware/number_3/1.6.8.part/number_3-1.6.8-sources.jar.asc[0m
[0m[[0m[0minfo[0m] [0m[0m	published number_3 to /Users/rhillyard/IdeaProjects/Number2026/target/sona-staging/com/phasmidsoftware/number_3/1.6.8.part/number_3-1.6.8.pom[0m
[0m[[0m[0minfo[0m] [0m[0m	published number_3 to /Users/rhillyard/IdeaProjects/Number2026/target/sona-staging/com/phasmidsoftware/number_3/1.6.8.part/number_3-1.6.8-tests-javadoc.jar.asc[0m
[0m[[0m[0minfo[0m] [0m[0m	published number_3 to /Users/rhillyard/IdeaProjects/Number2026/target/sona-staging/com/phasmidsoftware/number_3/1.6.8.part/number_3-1.6.8-javadoc.jar.asc[0m
[0m[[0m[0minfo[0m] [0m[0m	published number_3 to /Users/rhillyard/IdeaProjects/Number2026/target/sona-staging/com/phasmidsoftware/number_3/1.6.8.part/number_3-1.6.8.pom.asc[0m
[0m[[0m[0minfo[0m] [0m[0m	published number_3 to /Users/rhillyard/IdeaProjects/Number2026/target/sona-staging/com/phasmidsoftware/number_3/1.6.8.part/number_3-1.6.8-tests-sources.jar.asc[0m
[0m[[0m[0minfo[0m] [0m[0m	published number_3 to /Users/rhillyard/IdeaProjects/Number2026/target/sona-staging/com/phasmidsoftware/number_3/1.6.8.part/number_3-1.6.8-tests-sources.jar[0m
[0m[[0m[0minfo[0m] [0m[0m	published number_3 to /Users/rhillyard/IdeaProjects/Number2026/target/sona-staging/com/phasmidsoftware/number_3/1.6.8.part/number_3-1.6.8-tests.jar[0m
[0m[[0m[0minfo[0m] [0m[0m	publish commited: moved /Users/rhillyard/IdeaProjects/Number2026/target/sona-staging/com/phasmidsoftware/number_3/1.6.8.part [0m
[0m[[0m[0minfo[0m] [0m[0m		to /Users/rhillyard/IdeaProjects/Number2026/target/sona-staging/com/phasmidsoftware/number_3/1.6.8[0m
[0m[[0m[0minfo[0m] [0m[0mgpg: using "B8B0077E1C085958" as default secret key for signing[0m
[0m[[0m[0minfo[0m] [0m[0mgpg: using "B8B0077E1C085958" as default secret key for signing[0m
[0m[[0m[0minfo[0m] [0m[0mgpg: signing failed: No such file or directory[0m
[0m[[0m[0minfo[0m] [0m[0mgpg: signing failed: No such file or directory[0m
[0m[[0m[0minfo[0m] [0m[0mgpg: using "B8B0077E1C085958" as default secret key for signing[0m
[0m[[0m[0minfo[0m] [0m[0mgpg: signing failed: No such file or directory[0m
[0m[[0m[0minfo[0m] [0m[0mgpg: signing failed: No such file or directory[0m
[0m[[0m[0minfo[0m] [0m[0mgpg: using "B8B0077E1C085958" as default secret key for signing[0m
[0m[[0m[0minfo[0m] [0m[0mgpg: signing failed: No such file or directory[0m
[0m[[0m[0minfo[0m] [0m[0mgpg: signing failed: No such file or directory[0m
[0m[[0m[0minfo[0m] [0m[0mgpg: using "B8B0077E1C085958" as default secret key for signing[0m
[0m[[0m[0minfo[0m] [0m[0mgpg: signing failed: No such file or directory[0m
[0m[[0m[0minfo[0m] [0m[0mgpg: signing failed: No such file or directory[0m
[0m[[0m[0mdebug[0m] [0m[0mForcing garbage collection...[0m
[0m[[0m[31merror[0m] [0m[0mjava.lang.RuntimeException: Failure running 'gpg --detach-sign --armor --use-agent --default-key B8B0077E1C085958 --output /Users/rhillyard/IdeaProjects/Number2026/expression/target/scala-3.7.3/number-expression_3-1.6.8-javadoc.jar.asc /Users/rhillyard/IdeaProjects/Number2026/expression/target/scala-3.7.3/number-expression_3-1.6.8-javadoc.jar'.  Exit code: 2[0m
[0m[[0m[31merror[0m] [0m[0m	at scala.sys.package$.error(package.scala:30)[0m
[0m[[0m[31merror[0m] [0m[0m	at com.jsuereth.sbtpgp.CommandLineGpgSigner.sign(PgpSigner.scala:74)[0m
[0m[[0m[31merror[0m] [0m[0m	at com.jsuereth.sbtpgp.PgpSettings$.$anonfun$signingSettings$2(PgpSettings.scala:151)[0m
[0m[[0m[31merror[0m] [0m[0m	at scala.collection.TraversableLike.$anonfun$flatMap$1(TraversableLike.scala:293)[0m
[0m[[0m[31merror[0m] [0m[0m	at scala.collection.immutable.HashMap$HashMap1.foreach(HashMap.scala:400)[0m
[0m[[0m[31merror[0m] [0m[0m	at scala.collection.immutable.HashMap$HashTrieMap.foreach(HashMap.scala:728)[0m
[0m[[0m[31merror[0m] [0m[0m	at scala.collection.TraversableLike.flatMap(TraversableLike.scala:293)[0m
[0m[[0m[31merror[0m] [0m[0m	at scala.collection.TraversableLike.flatMap$(TraversableLike.scala:290)[0m
[0m[[0m[31merror[0m] [0m[0m	at scala.collection.AbstractTraversable.flatMap(Traversable.scala:108)[0m
[0m[[0m[31merror[0m] [0m[0m	at com.jsuereth.sbtpgp.PgpSettings$.$anonfun$signingSettings$1(PgpSettings.scala:146)[0m
[0m[[0m[31merror[0m] [0m[0m	at scala.Function1.$anonfun$compose$1(Function1.scala:49)[0m
[0m[[0m[31merror[0m] [0m[0m	at sbt.internal.util.$tilde$greater.$anonfun$$u2219$1(TypeFunctions.scala:63)[0m
[0m[[0m[31merror[0m] [0m[0m	at sbt.std.Transform$$anon$4.work(Transform.scala:69)[0m
[0m[[0m[31merror[0m] [0m[0m	at sbt.Execute.$anonfun$submit$2(Execute.scala:283)[0m
[0m[[0m[31merror[0m] [0m[0m	at sbt.internal.util.ErrorHandling$.wideConvert(ErrorHandling.scala:24)[0m
[0m[[0m[31merror[0m] [0m[0m	at sbt.Execute.work(Execute.scala:292)[0m
[0m[[0m[31merror[0m] [0m[0m	at sbt.Execute.$anonfun$submit$1(Execute.scala:283)[0m
[0m[[0m[31merror[0m] [0m[0m	at sbt.ConcurrentRestrictions$$anon$4.$anonfun$submitValid$1(ConcurrentRestrictions.scala:265)[0m
[0m[[0m[31merror[0m] [0m[0m	at sbt.CompletionService$$anon$2.call(CompletionService.scala:65)[0m
[0m[[0m[31merror[0m] [0m[0m	at java.base/java.util.concurrent.FutureTask.run(FutureTask.java:317)[0m
[0m[[0m[31merror[0m] [0m[0m	at java.base/java.util.concurrent.Executors$RunnableAdapter.call(Executors.java:572)[0m
[0m[[0m[31merror[0m] [0m[0m	at java.base/java.util.concurrent.FutureTask.run(FutureTask.java:317)[0m
[0m[[0m[31merror[0m] [0m[0m	at java.base/java.util.concurrent.ThreadPoolExecutor.runWorker(ThreadPoolExecutor.java:1144)[0m
[0m[[0m[31merror[0m] [0m[0m	at java.base/java.util.concurrent.ThreadPoolExecutor$Worker.run(ThreadPoolExecutor.java:642)[0m
[0m[[0m[31merror[0m] [0m[0m	at java.base/java.lang.Thread.run(Thread.java:1575)[0m
[0m[[0m[31merror[0m] [0m[0mjava.lang.RuntimeException: Failure running 'gpg --detach-sign --armor --use-agent --default-key B8B0077E1C085958 --output /Users/rhillyard/IdeaProjects/Number2026/parse/target/scala-3.7.3/number-parse_3-1.6.8-tests-javadoc.jar.asc /Users/rhillyard/IdeaProjects/Number2026/parse/target/scala-3.7.3/number-parse_3-1.6.8-tests-javadoc.jar'.  Exit code: 2[0m
[0m[[0m[31merror[0m] [0m[0m	at scala.sys.package$.error(package.scala:30)[0m
[0m[[0m[31merror[0m] [0m[0m	at com.jsuereth.sbtpgp.CommandLineGpgSigner.sign(PgpSigner.scala:74)[0m
[0m[[0m[31merror[0m] [0m[0m	at com.jsuereth.sbtpgp.PgpSettings$.$anonfun$signingSettings$2(PgpSettings.scala:151)[0m
[0m[[0m[31merror[0m] [0m[0m	at scala.collection.TraversableLike.$anonfun$flatMap$1(TraversableLike.scala:293)[0m
[0m[[0m[31merror[0m] [0m[0m	at scala.collection.immutable.HashMap$HashMap1.foreach(HashMap.scala:400)[0m
[0m[[0m[31merror[0m] [0m[0m	at scala.collection.immutable.HashMap$HashTrieMap.foreach(HashMap.scala:728)[0m
[0m[[0m[31merror[0m] [0m[0m	at scala.collection.TraversableLike.flatMap(TraversableLike.scala:293)[0m
[0m[[0m[31merror[0m] [0m[0m	at scala.collection.TraversableLike.flatMap$(TraversableLike.scala:290)[0m
[0m[[0m[31merror[0m] [0m[0m	at scala.collection.AbstractTraversable.flatMap(Traversable.scala:108)[0m
[0m[[0m[31merror[0m] [0m[0m	at com.jsuereth.sbtpgp.PgpSettings$.$anonfun$signingSettings$1(PgpSettings.scala:146)[0m
[0m[[0m[31merror[0m] [0m[0m	at scala.Function1.$anonfun$compose$1(Function1.scala:49)[0m
[0m[[0m[31merror[0m] [0m[0m	at sbt.internal.util.$tilde$greater.$anonfun$$u2219$1(TypeFunctions.scala:63)[0m
[0m[[0m[31merror[0m] [0m[0m	at sbt.std.Transform$$anon$4.work(Transform.scala:69)[0m
[0m[[0m[31merror[0m] [0m[0m	at sbt.Execute.$anonfun$submit$2(Execute.scala:283)[0m
[0m[[0m[31merror[0m] [0m[0m	at sbt.internal.util.ErrorHandling$.wideConvert(ErrorHandling.scala:24)[0m
[0m[[0m[31merror[0m] [0m[0m	at sbt.Execute.work(Execute.scala:292)[0m
[0m[[0m[31merror[0m] [0m[0m	at sbt.Execute.$anonfun$submit$1(Execute.scala:283)[0m
[0m[[0m[31merror[0m] [0m[0m	at sbt.ConcurrentRestrictions$$anon$4.$anonfun$submitValid$1(ConcurrentRestrictions.scala:265)[0m
[0m[[0m[31merror[0m] [0m[0m	at sbt.CompletionService$$anon$2.call(CompletionService.scala:65)[0m
[0m[[0m[31merror[0m] [0m[0m	at java.base/java.util.concurrent.FutureTask.run(FutureTask.java:317)[0m
[0m[[0m[31merror[0m] [0m[0m	at java.base/java.util.concurrent.Executors$RunnableAdapter.call(Executors.java:572)[0m
[0m[[0m[31merror[0m] [0m[0m	at java.base/java.util.concurrent.FutureTask.run(FutureTask.java:317)[0m
[0m[[0m[31merror[0m] [0m[0m	at java.base/java.util.concurrent.ThreadPoolExecutor.runWorker(ThreadPoolExecutor.java:1144)[0m
[0m[[0m[31merror[0m] [0m[0m	at java.base/java.util.concurrent.ThreadPoolExecutor$Worker.run(ThreadPoolExecutor.java:642)[0m
[0m[[0m[31merror[0m] [0m[0m	at java.base/java.lang.Thread.run(Thread.java:1575)[0m
[0m[[0m[31merror[0m] [0m[0mjava.lang.RuntimeException: java.lang.reflect.InvocationTargetException[0m
[0m[[0m[31merror[0m] [0m[0m	at xsbt.DottydocRunner.run(DottydocRunner.java:65)[0m
[0m[[0m[31merror[0m] [0m[0m	at xsbt.ScaladocInterface.run(ScaladocInterface.java:11)[0m
[0m[[0m[31merror[0m] [0m[0m	at java.base/jdk.internal.reflect.DirectMethodHandleAccessor.invoke(DirectMethodHandleAccessor.java:103)[0m
[0m[[0m[31merror[0m] [0m[0m	at java.base/java.lang.reflect.Method.invoke(Method.java:580)[0m
[0m[[0m[31merror[0m] [0m[0m	at sbt.internal.inc.AnalyzingCompiler.invoke(AnalyzingCompiler.scala:329)[0m
[0m[[0m[31merror[0m] [0m[0m	at sbt.internal.inc.AnalyzingCompiler.doc(AnalyzingCompiler.scala:175)[0m
[0m[[0m[31merror[0m] [0m[0m	at sbt.internal.inc.AnalyzingCompiler.doc(AnalyzingCompiler.scala:133)[0m
[0m[[0m[31merror[0m] [0m[0m	at sbt.Doc$.$anonfun$scaladoc$1(Doc.scala:53)[0m
[0m[[0m[31merror[0m] [0m[0m	at sbt.Doc$.$anonfun$scaladoc$1$adapted(Doc.scala:41)[0m
[0m[[0m[31merror[0m] [0m[0m	at sbt.RawCompileLike$.$anonfun$prepare$1(RawCompileLike.scala:80)[0m
[0m[[0m[31merror[0m] [0m[0m	at sbt.RawCompileLike$.$anonfun$prepare$1$adapted(RawCompileLike.scala:73)[0m
[0m[[0m[31merror[0m] [0m[0m	at sbt.RawCompileLike$.$anonfun$cached$4(RawCompileLike.scala:64)[0m
[0m[[0m[31merror[0m] [0m[0m	at sbt.RawCompileLike$.$anonfun$cached$4$adapted(RawCompileLike.scala:62)[0m
[0m[[0m[31merror[0m] [0m[0m	at sbt.util.Tracked$.$anonfun$inputChangedW$1(Tracked.scala:220)[0m
[0m[[0m[31merror[0m] [0m[0m	at sbt.RawCompileLike$.$anonfun$cached$1(RawCompileLike.scala:69)[0m
[0m[[0m[31merror[0m] [0m[0m	at sbt.RawCompileLike$.$anonfun$cached$1$adapted(RawCompileLike.scala:53)[0m
[0m[[0m[31merror[0m] [0m[0m	at sbt.Defaults$.$anonfun$docTaskSettings$4(Defaults.scala:2280)[0m
[0m[[0m[31merror[0m] [0m[0m	at scala.Function1.$anonfun$compose$1(Function1.scala:49)[0m
[0m[[0m[31merror[0m] [0m[0m	at sbt.internal.util.$tilde$greater.$anonfun$$u2219$1(TypeFunctions.scala:63)[0m
[0m[[0m[31merror[0m] [0m[0m	at sbt.std.Transform$$anon$4.work(Transform.scala:69)[0m
[0m[[0m[31merror[0m] [0m[0m	at sbt.Execute.$anonfun$submit$2(Execute.scala:283)[0m
[0m[[0m[31merror[0m] [0m[0m	at sbt.internal.util.ErrorHandling$.wideConvert(ErrorHandling.scala:24)[0m
[0m[[0m[31merror[0m] [0m[0m	at sbt.Execute.work(Execute.scala:292)[0m
[0m[[0m[31merror[0m] [0m[0m	at sbt.Execute.$anonfun$submit$1(Execute.scala:283)[0m
[0m[[0m[31merror[0m] [0m[0m	at sbt.ConcurrentRestrictions$$anon$4.$anonfun$submitValid$1(ConcurrentRestrictions.scala:265)[0m
[0m[[0m[31merror[0m] [0m[0m	at sbt.CompletionService$$anon$2.call(CompletionService.scala:65)[0m
[0m[[0m[31merror[0m] [0m[0m	at java.base/java.util.concurrent.FutureTask.run(FutureTask.java:317)[0m
[0m[[0m[31merror[0m] [0m[0m	at java.base/java.util.concurrent.Executors$RunnableAdapter.call(Executors.java:572)[0m
[0m[[0m[31merror[0m] [0m[0m	at java.base/java.util.concurrent.FutureTask.run(FutureTask.java:317)[0m
[0m[[0m[31merror[0m] [0m[0m	at java.base/java.util.concurrent.ThreadPoolExecutor.runWorker(ThreadPoolExecutor.java:1144)[0m
[0m[[0m[31merror[0m] [0m[0m	at java.base/java.util.concurrent.ThreadPoolExecutor$Worker.run(ThreadPoolExecutor.java:642)[0m
[0m[[0m[31merror[0m] [0m[0m	at java.base/java.lang.Thread.run(Thread.java:1575)[0m
[0m[[0m[31merror[0m] [0m[0mCaused by: java.lang.reflect.InvocationTargetException[0m
[0m[[0m[31merror[0m] [0m[0m	at java.base/jdk.internal.reflect.DirectMethodHandleAccessor.invoke(DirectMethodHandleAccessor.java:118)[0m
[0m[[0m[31merror[0m] [0m[0m	at java.base/java.lang.reflect.Method.invoke(Method.java:580)[0m
[0m[[0m[31merror[0m] [0m[0m	at xsbt.DottydocRunner.run(DottydocRunner.java:61)[0m
[0m[[0m[31merror[0m] [0m[0m	at xsbt.ScaladocInterface.run(ScaladocInterface.java:11)[0m
[0m[[0m[31merror[0m] [0m[0m	at java.base/jdk.internal.reflect.DirectMethodHandleAccessor.invoke(DirectMethodHandleAccessor.java:103)[0m
[0m[[0m[31merror[0m] [0m[0m	at java.base/java.lang.reflect.Method.invoke(Method.java:580)[0m
[0m[[0m[31merror[0m] [0m[0m	at sbt.internal.inc.AnalyzingCompiler.invoke(AnalyzingCompiler.scala:329)[0m
[0m[[0m[31merror[0m] [0m[0m	at sbt.internal.inc.AnalyzingCompiler.doc(AnalyzingCompiler.scala:175)[0m
[0m[[0m[31merror[0m] [0m[0m	at sbt.internal.inc.AnalyzingCompiler.doc(AnalyzingCompiler.scala:133)[0m
[0m[[0m[31merror[0m] [0m[0m	at sbt.Doc$.$anonfun$scaladoc$1(Doc.scala:53)[0m
[0m[[0m[31merror[0m] [0m[0m	at sbt.Doc$.$anonfun$scaladoc$1$adapted(Doc.scala:41)[0m
[0m[[0m[31merror[0m] [0m[0m	at sbt.RawCompileLike$.$anonfun$prepare$1(RawCompileLike.scala:80)[0m
[0m[[0m[31merror[0m] [0m[0m	at sbt.RawCompileLike$.$anonfun$prepare$1$adapted(RawCompileLike.scala:73)[0m
[0m[[0m[31merror[0m] [0m[0m	at sbt.RawCompileLike$.$anonfun$cached$4(RawCompileLike.scala:64)[0m
[0m[[0m[31merror[0m] [0m[0m	at sbt.RawCompileLike$.$anonfun$cached$4$adapted(RawCompileLike.scala:62)[0m
[0m[[0m[31merror[0m] [0m[0m	at sbt.util.Tracked$.$anonfun$inputChangedW$1(Tracked.scala:220)[0m
[0m[[0m[31merror[0m] [0m[0m	at sbt.RawCompileLike$.$anonfun$cached$1(RawCompileLike.scala:69)[0m
[0m[[0m[31merror[0m] [0m[0m	at sbt.RawCompileLike$.$anonfun$cached$1$adapted(RawCompileLike.scala:53)[0m
[0m[[0m[31merror[0m] [0m[0m	at sbt.Defaults$.$anonfun$docTaskSettings$4(Defaults.scala:2280)[0m
[0m[[0m[31merror[0m] [0m[0m	at scala.Function1.$anonfun$compose$1(Function1.scala:49)[0m
[0m[[0m[31merror[0m] [0m[0m	at sbt.internal.util.$tilde$greater.$anonfun$$u2219$1(TypeFunctions.scala:63)[0m
[0m[[0m[31merror[0m] [0m[0m	at sbt.std.Transform$$anon$4.work(Transform.scala:69)[0m
[0m[[0m[31merror[0m] [0m[0m	at sbt.Execute.$anonfun$submit$2(Execute.scala:283)[0m
[0m[[0m[31merror[0m] [0m[0m	at sbt.internal.util.ErrorHandling$.wideConvert(ErrorHandling.scala:24)[0m
[0m[[0m[31merror[0m] [0m[0m	at sbt.Execute.work(Execute.scala:292)[0m
[0m[[0m[31merror[0m] [0m[0m	at sbt.Execute.$anonfun$submit$1(Execute.scala:283)[0m
[0m[[0m[31merror[0m] [0m[0m	at sbt.ConcurrentRestrictions$$anon$4.$anonfun$submitValid$1(ConcurrentRestrictions.scala:265)[0m
[0m[[0m[31merror[0m] [0m[0m	at sbt.CompletionService$$anon$2.call(CompletionService.scala:65)[0m
[0m[[0m[31merror[0m] [0m[0m	at java.base/java.util.concurrent.FutureTask.run(FutureTask.java:317)[0m
[0m[[0m[31merror[0m] [0m[0m	at java.base/java.util.concurrent.Executors$RunnableAdapter.call(Executors.java:572)[0m
[0m[[0m[31merror[0m] [0m[0m	at java.base/java.util.concurrent.FutureTask.run(FutureTask.java:317)[0m
[0m[[0m[31merror[0m] [0m[0m	at java.base/java.util.concurrent.ThreadPoolExecutor.runWorker(ThreadPoolExecutor.java:1144)[0m
[0m[[0m[31merror[0m] [0m[0m	at java.base/java.util.concurrent.ThreadPoolExecutor$Worker.run(ThreadPoolExecutor.java:642)[0m
[0m[[0m[31merror[0m] [0m[0m	at java.base/java.lang.Thread.run(Thread.java:1575)[0m
[0m[[0m[31merror[0m] [0m[0mCaused by: java.lang.AssertionError: assertion failed: trait Structure has non-class parent: TypeRef(TermRef(ThisType(TypeRef(NoPrefix,module class core)),object numerical),WithFuzziness)[0m
[0m[[0m[31merror[0m] [0m[0m	at scala.runtime.Scala3RunTime$.assertFailed(Scala3RunTime.scala:8)[0m
[0m[[0m[31merror[0m] [0m[0m	at dotty.tools.dotc.core.SymDenotations$ClassDenotation.traverse$1(SymDenotations.scala:2042)[0m
[0m[[0m[31merror[0m] [0m[0m	at dotty.tools.dotc.core.SymDenotations$ClassDenotation.computeBaseData(SymDenotations.scala:2047)[0m
[0m[[0m[31merror[0m] [0m[0m	at dotty.tools.dotc.core.SymDenotations$BaseDataImpl.apply(SymDenotations.scala:3040)[0m
[0m[[0m[31merror[0m] [0m[0m	at dotty.tools.dotc.core.SymDenotations$ClassDenotation.baseData(SymDenotations.scala:2013)[0m
[0m[[0m[31merror[0m] [0m[0m	at dotty.tools.dotc.core.SymDenotations$ClassDenotation.baseClasses(SymDenotations.scala:2020)[0m
[0m[[0m[31merror[0m] [0m[0m	at dotty.tools.dotc.core.SymDenotations$ClassDenotation.traverse$1(SymDenotations.scala:2041)[0m
[0m[[0m[31merror[0m] [0m[0m	at dotty.tools.dotc.core.SymDenotations$ClassDenotation.computeBaseData(SymDenotations.scala:2047)[0m
[0m[[0m[31merror[0m] [0m[0m	at dotty.tools.dotc.core.SymDenotations$BaseDataImpl.apply(SymDenotations.scala:3040)[0m
[0m[[0m[31merror[0m] [0m[0m	at dotty.tools.dotc.core.SymDenotations$ClassDenotation.baseData(SymDenotations.scala:2013)[0m
[0m[[0m[31merror[0m] [0m[0m	at dotty.tools.dotc.core.SymDenotations$ClassDenotation.baseClasses(SymDenotations.scala:2020)[0m
[0m[[0m[31merror[0m] [0m[0m	at dotty.tools.dotc.core.SymDenotations$ClassDenotation.traverse$1(SymDenotations.scala:2041)[0m
[0m[[0m[31merror[0m] [0m[0m	at dotty.tools.dotc.core.SymDenotations$ClassDenotation.computeBaseData(SymDenotations.scala:2047)[0m
[0m[[0m[31merror[0m] [0m[0m	at dotty.tools.dotc.core.SymDenotations$BaseDataImpl.apply(SymDenotations.scala:3040)[0m
[0m[[0m[31merror[0m] [0m[0m	at dotty.tools.dotc.core.SymDenotations$ClassDenotation.baseData(SymDenotations.scala:2013)[0m
[0m[[0m[31merror[0m] [0m[0m	at dotty.tools.dotc.core.SymDenotations$ClassDenotation.baseClasses(SymDenotations.scala:2020)[0m
[0m[[0m[31merror[0m] [0m[0m	at dotty.tools.dotc.core.SymDenotations$ClassDenotation.traverse$1(SymDenotations.scala:2041)[0m
[0m[[0m[31merror[0m] [0m[0m	at dotty.tools.dotc.core.SymDenotations$ClassDenotation.computeBaseData(SymDenotations.scala:2047)[0m
[0m[[0m[31merror[0m] [0m[0m	at dotty.tools.dotc.core.SymDenotations$BaseDataImpl.apply(SymDenotations.scala:3040)[0m
[0m[[0m[31merror[0m] [0m[0m	at dotty.tools.dotc.core.SymDenotations$ClassDenotation.baseData(SymDenotations.scala:2013)[0m
[0m[[0m[31merror[0m] [0m[0m	at dotty.tools.dotc.core.SymDenotations$ClassDenotation.baseClasses(SymDenotations.scala:2020)[0m
[0m[[0m[31merror[0m] [0m[0m	at dotty.tools.dotc.core.SymDenotations$ClassDenotation.traverse$1(SymDenotations.scala:2041)[0m
[0m[[0m[31merror[0m] [0m[0m	at dotty.tools.dotc.core.SymDenotations$ClassDenotation.computeBaseData(SymDenotations.scala:2047)[0m
[0m[[0m[31merror[0m] [0m[0m	at dotty.tools.dotc.core.SymDenotations$BaseDataImpl.apply(SymDenotations.scala:3040)[0m
[0m[[0m[31merror[0m] [0m[0m	at dotty.tools.dotc.core.SymDenotations$ClassDenotation.baseData(SymDenotations.scala:2013)[0m
[0m[[0m[31merror[0m] [0m[0m	at dotty.tools.dotc.core.SymDenotations$ClassDenotation.baseClassSet(SymDenotations.scala:2029)[0m
[0m[[0m[31merror[0m] [0m[0m	at dotty.tools.dotc.core.SymDenotations$ClassDenotation.derivesFrom(SymDenotations.scala:2055)[0m
[0m[[0m[31merror[0m] [0m[0m	at dotty.tools.dotc.core.SymDenotations$ClassDenotation.isValueClass(SymDenotations.scala:2095)[0m
[0m[[0m[31merror[0m] [0m[0m	at dotty.tools.dotc.core.SymUtils.isDerivedValueClass(SymUtils.scala:85)[0m
[0m[[0m[31merror[0m] [0m[0m	at dotty.tools.dotc.core.TypeErasure.dotty$tools$dotc$core$TypeErasure$$sigName(TypeErasure.scala:913)[0m
[0m[[0m[31merror[0m] [0m[0m	at dotty.tools.dotc.core.TypeErasure$.sigName(TypeErasure.scala:238)[0m
[0m[[0m[31merror[0m] [0m[0m	at dotty.tools.dotc.core.Signature$.apply(Signature.scala:167)[0m
[0m[[0m[31merror[0m] [0m[0m	at dotty.tools.dotc.core.Types$MethodOrPoly.computeSignature$2(Types.scala:3952)[0m
[0m[[0m[31merror[0m] [0m[0m	at dotty.tools.dotc.core.Types$MethodOrPoly.signature(Types.scala:3977)[0m
[0m[[0m[31merror[0m] [0m[0m	at dotty.tools.dotc.core.Denotations$SingleDenotation.signature(Denotations.scala:622)[0m
[0m[[0m[31merror[0m] [0m[0m	at dotty.tools.dotc.core.Denotations$SingleDenotation.matchesLoosely(Denotations.scala:1038)[0m
[0m[[0m[31merror[0m] [0m[0m	at dotty.tools.dotc.core.Denotations$SingleDenotation.matches(Denotations.scala:1022)[0m
[0m[[0m[31merror[0m] [0m[0m	at dotty.tools.dotc.core.Denotations$Denotation.mergeDenot$1(Denotations.scala:415)[0m
[0m[[0m[31merror[0m] [0m[0m	at dotty.tools.dotc.core.Denotations$Denotation.meet(Denotations.scala:504)[0m
[0m[[0m[31merror[0m] [0m[0m	at dotty.tools.dotc.core.Denotations$DenotUnion.toDenot(Denotations.scala:1246)[0m
[0m[[0m[31merror[0m] [0m[0m	at dotty.tools.dotc.core.Types$Type.findDecl(Types.scala:758)[0m
[0m[[0m[31merror[0m] [0m[0m	at dotty.tools.dotc.core.Types$Type.decl(Types.scala:745)[0m
[0m[[0m[31merror[0m] [0m[0m	at dotty.tools.dotc.core.tasty.TreeUnpickler.dotty$tools$dotc$core$tasty$TreeUnpickler$TreeReader$$_$_$searchDenot$1(TreeUnpickler.scala:1587)[0m
[0m[[0m[31merror[0m] [0m[0m	at dotty.tools.dotc.core.tasty.TreeUnpickler$TreeReader.readLengthTree$1(TreeUnpickler.scala:1591)[0m
[0m[[0m[31merror[0m] [0m[0m	at dotty.tools.dotc.core.tasty.TreeUnpickler$TreeReader.readTree(TreeUnpickler.scala:1693)[0m
[0m[[0m[31merror[0m] [0m[0m	at dotty.tools.dotc.core.tasty.TreeUnpickler$TreeReader.readLengthTree$1(TreeUnpickler.scala:1484)[0m
[0m[[0m[31merror[0m] [0m[0m	at dotty.tools.dotc.core.tasty.TreeUnpickler$TreeReader.readTree(TreeUnpickler.scala:1693)[0m
[0m[[0m[31merror[0m] [0m[0m	at dotty.tools.dotc.core.tasty.TreeUnpickler$TreeReader.$anonfun$31(TreeUnpickler.scala:1485)[0m
[0m[[0m[31merror[0m] [0m[0m	at dotty.tools.tasty.TastyReader.until(TastyReader.scala:135)[0m
[0m[[0m[31merror[0m] [0m[0m	at dotty.tools.dotc.core.tasty.TreeUnpickler$TreeReader.readLengthTree$1(TreeUnpickler.scala:1485)[0m
[0m[[0m[31merror[0m] [0m[0m	at dotty.tools.dotc.core.tasty.TreeUnpickler$TreeReader.readTree(TreeUnpickler.scala:1693)[0m
[0m[[0m[31merror[0m] [0m[0m	at dotty.tools.dotc.core.tasty.TreeUnpickler$TreeReader.readLengthTree$1(TreeUnpickler.scala:1484)[0m
[0m[[0m[31merror[0m] [0m[0m	at dotty.tools.dotc.core.tasty.TreeUnpickler$TreeReader.readTree(TreeUnpickler.scala:1693)[0m
[0m[[0m[31merror[0m] [0m[0m	at dotty.tools.dotc.core.tasty.TreeUnpickler$TreeReader.readIndexedStat(TreeUnpickler.scala:1190)[0m
[0m[[0m[31merror[0m] [0m[0m	at dotty.tools.dotc.core.tasty.TreeUnpickler$TreeReader.readIndexedStats(TreeUnpickler.scala:1230)[0m
[0m[[0m[31merror[0m] [0m[0m	at dotty.tools.dotc.core.tasty.TreeUnpickler$TreeReader.readStats(TreeUnpickler.scala:1240)[0m
[0m[[0m[31merror[0m] [0m[0m	at dotty.tools.dotc.core.tasty.TreeUnpickler$TreeReader.readLengthTree$1(TreeUnpickler.scala:1509)[0m
[0m[[0m[31merror[0m] [0m[0m	at dotty.tools.dotc.core.tasty.TreeUnpickler$TreeReader.readTree(TreeUnpickler.scala:1693)[0m
[0m[[0m[31merror[0m] [0m[0m	at dotty.tools.dotc.core.tasty.TreeUnpickler$TreeReader.$anonfun$31(TreeUnpickler.scala:1485)[0m
[0m[[0m[31merror[0m] [0m[0m	at dotty.tools.tasty.TastyReader.until(TastyReader.scala:135)[0m
[0m[[0m[31merror[0m] [0m[0m	at dotty.tools.dotc.core.tasty.TreeUnpickler$TreeReader.readLengthTree$1(TreeUnpickler.scala:1485)[0m
[0m[[0m[31merror[0m] [0m[0m	at dotty.tools.dotc.core.tasty.TreeUnpickler$TreeReader.readTree(TreeUnpickler.scala:1693)[0m
[0m[[0m[31merror[0m] [0m[0m	at dotty.tools.dotc.core.tasty.TreeUnpickler$TreeReader.readIndexedStat(TreeUnpickler.scala:1190)[0m
[0m[[0m[31merror[0m] [0m[0m	at dotty.tools.dotc.core.tasty.TreeUnpickler$TreeReader.readIndexedStats(TreeUnpickler.scala:1230)[0m
[0m[[0m[31merror[0m] [0m[0m	at dotty.tools.dotc.core.tasty.TreeUnpickler.$anonfun$24$$anonfun$1(TreeUnpickler.scala:1145)[0m
[0m[[0m[31merror[0m] [0m[0m	at dotty.tools.dotc.core.tasty.TreeUnpickler$LazyReader.complete(TreeUnpickler.scala:1833)[0m
[0m[[0m[31merror[0m] [0m[0m	at dotty.tools.dotc.ast.Trees$WithLazyFields.force(Trees.scala:1134)[0m
[0m[[0m[31merror[0m] [0m[0m	at dotty.tools.dotc.ast.Trees$WithLazyFields.force$(Trees.scala:1130)[0m
[0m[[0m[31merror[0m] [0m[0m	at dotty.tools.dotc.ast.Trees$Template.force(Trees.scala:978)[0m
[0m[[0m[31merror[0m] [0m[0m	at dotty.tools.dotc.ast.Trees$Template.forceFields(Trees.scala:984)[0m
[0m[[0m[31merror[0m] [0m[0m	at dotty.tools.dotc.ast.Trees$Template.parentsOrDerived(Trees.scala:988)[0m
[0m[[0m[31merror[0m] [0m[0m	at dotty.tools.dotc.ast.Trees$Template.parents(Trees.scala:990)[0m
[0m[[0m[31merror[0m] [0m[0m	at dotty.tools.dotc.ast.Trees$Instance$TreeAccumulator.foldOver(Trees.scala:1766)[0m
[0m[[0m[31merror[0m] [0m[0m	at dotty.tools.dotc.ast.Trees$Instance$TreeTraverser.traverseChildren(Trees.scala:1808)[0m
[0m[[0m[31merror[0m] [0m[0m	at dotty.tools.dotc.CompilationUnit$Force.traverse(CompilationUnit.scala:213)[0m
[0m[[0m[31merror[0m] [0m[0m	at dotty.tools.dotc.ast.Trees$Instance$TreeTraverser.apply(Trees.scala:1807)[0m
[0m[[0m[31merror[0m] [0m[0m	at dotty.tools.dotc.ast.Trees$Instance$TreeTraverser.apply(Trees.scala:1807)[0m
[0m[[0m[31merror[0m] [0m[0m	at dotty.tools.dotc.ast.Trees$Instance$TreeAccumulator.foldOver(Trees.scala:1763)[0m
[0m[[0m[31merror[0m] [0m[0m	at dotty.tools.dotc.ast.Trees$Instance$TreeTraverser.traverseChildren(Trees.scala:1808)[0m
[0m[[0m[31merror[0m] [0m[0m	at dotty.tools.dotc.CompilationUnit$Force.traverse(CompilationUnit.scala:213)[0m
[0m[[0m[31merror[0m] [0m[0m	at dotty.tools.dotc.ast.Trees$Instance$TreeTraverser.apply(Trees.scala:1807)[0m
[0m[[0m[31merror[0m] [0m[0m	at dotty.tools.dotc.ast.Trees$Instance$TreeTraverser.apply(Trees.scala:1807)[0m
[0m[[0m[31merror[0m] [0m[0m	at dotty.tools.dotc.ast.Trees$Instance$TreeAccumulator.fold$1(Trees.scala:1671)[0m
[0m[[0m[31merror[0m] [0m[0m	at dotty.tools.dotc.ast.Trees$Instance$TreeAccumulator.apply(Trees.scala:1673)[0m
[0m[[0m[31merror[0m] [0m[0m	at dotty.tools.dotc.ast.Trees$Instance$TreeAccumulator.foldOver(Trees.scala:1772)[0m
[0m[[0m[31merror[0m] [0m[0m	at dotty.tools.dotc.ast.Trees$Instance$TreeAccumulator.foldOver(Trees.scala:1677)[0m
[0m[[0m[31merror[0m] [0m[0m	at dotty.tools.dotc.ast.Trees$Instance$TreeTraverser.traverseChildren(Trees.scala:1808)[0m
[0m[[0m[31merror[0m] [0m[0m	at dotty.tools.dotc.CompilationUnit$Force.traverse(CompilationUnit.scala:213)[0m
[0m[[0m[31merror[0m] [0m[0m	at dotty.tools.dotc.CompilationUnit$.apply(CompilationUnit.scala:153)[0m
[0m[[0m[31merror[0m] [0m[0m	at dotty.tools.dotc.CompilationUnit$.apply(CompilationUnit.scala:144)[0m
[0m[[0m[31merror[0m] [0m[0m	at dotty.tools.dotc.fromtasty.ReadTasty.compilationUnit$1(ReadTasty.scala:57)[0m
[0m[[0m[31merror[0m] [0m[0m	at dotty.tools.dotc.fromtasty.ReadTasty.readTASTY(ReadTasty.scala:85)[0m
[0m[[0m[31merror[0m] [0m[0m	at dotty.tools.dotc.fromtasty.ReadTasty.addTasty$$anonfun$1(ReadTasty.scala:33)[0m
[0m[[0m[31merror[0m] [0m[0m	at scala.runtime.function.JProcedure1.apply(JProcedure1.java:15)[0m
[0m[[0m[31merror[0m] [0m[0m	at scala.runtime.function.JProcedure1.apply(JProcedure1.java:10)[0m
[0m[[0m[31merror[0m] [0m[0m	at dotty.tools.dotc.core.Phases$Phase.monitor(Phases.scala:510)[0m
[0m[[0m[31merror[0m] [0m[0m	at dotty.tools.dotc.fromtasty.ReadTasty.addTasty(ReadTasty.scala:33)[0m
[0m[[0m[31merror[0m] [0m[0m	at dotty.tools.dotc.fromtasty.ReadTasty.runOn$$anonfun$1(ReadTasty.scala:28)[0m
[0m[[0m[31merror[0m] [0m[0m	at scala.collection.Iterator$$anon$6.hasNext(Iterator.scala:479)[0m
[0m[[0m[31merror[0m] [0m[0m	at scala.collection.IterableOnceOps.foreach(IterableOnce.scala:619)[0m
[0m[[0m[31merror[0m] [0m[0m	at scala.collection.IterableOnceOps.foreach$(IterableOnce.scala:617)[0m
[0m[[0m[31merror[0m] [0m[0m	at scala.collection.AbstractIterable.foreach(Iterable.scala:935)[0m
[0m[[0m[31merror[0m] [0m[0m	at scala.collection.IterableOps$WithFilter.foreach(Iterable.scala:905)[0m
[0m[[0m[31merror[0m] [0m[0m	at dotty.tools.dotc.fromtasty.ReadTasty.runOn(ReadTasty.scala:28)[0m
[0m[[0m[31merror[0m] [0m[0m	at dotty.tools.dotc.Run.runPhases$1$$anonfun$1(Run.scala:380)[0m
[0m[[0m[31merror[0m] [0m[0m	at scala.runtime.function.JProcedure1.apply(JProcedure1.java:15)[0m
[0m[[0m[31merror[0m] [0m[0m	at scala.runtime.function.JProcedure1.apply(JProcedure1.java:10)[0m
[0m[[0m[31merror[0m] [0m[0m	at scala.collection.ArrayOps$.foreach$extension(ArrayOps.scala:1324)[0m
[0m[[0m[31merror[0m] [0m[0m	at dotty.tools.dotc.Run.runPhases$1(Run.scala:373)[0m
[0m[[0m[31merror[0m] [0m[0m	at dotty.tools.dotc.Run.compileUnits$$anonfun$1$$anonfun$2(Run.scala:420)[0m
[0m[[0m[31merror[0m] [0m[0m	at dotty.tools.dotc.Run.compileUnits$$anonfun$1$$anonfun$adapted$1(Run.scala:420)[0m
[0m[[0m[31merror[0m] [0m[0m	at scala.Function0.apply$mcV$sp(Function0.scala:42)[0m
[0m[[0m[31merror[0m] [0m[0m	at dotty.tools.dotc.Run.showProgress(Run.scala:482)[0m
[0m[[0m[31merror[0m] [0m[0m	at dotty.tools.dotc.Run.compileUnits$$anonfun$1(Run.scala:420)[0m
[0m[[0m[31merror[0m] [0m[0m	at dotty.tools.dotc.Run.compileUnits$$anonfun$adapted$1(Run.scala:432)[0m
[0m[[0m[31merror[0m] [0m[0m	at dotty.tools.dotc.util.Stats$.maybeMonitored(Stats.scala:69)[0m
[0m[[0m[31merror[0m] [0m[0m	at dotty.tools.dotc.Run.compileUnits(Run.scala:432)[0m
[0m[[0m[31merror[0m] [0m[0m	at dotty.tools.dotc.Run.compileUnits(Run.scala:325)[0m
[0m[[0m[31merror[0m] [0m[0m	at dotty.tools.dotc.fromtasty.TASTYRun.compile(TASTYRun.scala:13)[0m
[0m[[0m[31merror[0m] [0m[0m	at dotty.tools.dotc.Driver.doCompile(Driver.scala:37)[0m
[0m[[0m[31merror[0m] [0m[0m	at dotty.tools.dotc.Driver.process(Driver.scala:201)[0m
[0m[[0m[31merror[0m] [0m[0m	at scala.tasty.inspector.ScaladocInternalTastyInspector$.inspectAllTastyFilesInContext(TastyInspector.scala:67)[0m
[0m[[0m[31merror[0m] [0m[0m	at dotty.tools.scaladoc.tasty.ScaladocTastyInspector$.loadDocs(TastyParser.scala:163)[0m
[0m[[0m[31merror[0m] [0m[0m	at dotty.tools.scaladoc.ScalaModuleProvider$.mkModule(ScalaModuleProvider.scala:11)[0m
[0m[[0m[31merror[0m] [0m[0m	at dotty.tools.scaladoc.Scaladoc$.run(Scaladoc.scala:240)[0m
[0m[[0m[31merror[0m] [0m[0m	at dotty.tools.scaladoc.Scaladoc$.run$$anonfun$1(Scaladoc.scala:70)[0m
[0m[[0m[31merror[0m] [0m[0m	at scala.runtime.function.JProcedure1.apply(JProcedure1.java:15)[0m
[0m[[0m[31merror[0m] [0m[0m	at scala.runtime.function.JProcedure1.apply(JProcedure1.java:10)[0m
[0m[[0m[31merror[0m] [0m[0m	at scala.Option.map(Option.scala:242)[0m
[0m[[0m[31merror[0m] [0m[0m	at dotty.tools.scaladoc.Scaladoc$.run(Scaladoc.scala:55)[0m
[0m[[0m[31merror[0m] [0m[0m	at dotty.tools.dottydoc.Main$.process(Main.scala:25)[0m
[0m[[0m[31merror[0m] [0m[0m	at dotty.tools.dottydoc.Main.process(Main.scala)[0m
[0m[[0m[31merror[0m] [0m[0m	at java.base/jdk.internal.reflect.DirectMethodHandleAccessor.invoke(DirectMethodHandleAccessor.java:103)[0m
[0m[[0m[31merror[0m] [0m[0m	at java.base/java.lang.reflect.Method.invoke(Method.java:580)[0m
[0m[[0m[31merror[0m] [0m[0m	at xsbt.DottydocRunner.run(DottydocRunner.java:61)[0m
[0m[[0m[31merror[0m] [0m[0m	at xsbt.ScaladocInterface.run(ScaladocInterface.java:11)[0m
[0m[[0m[31merror[0m] [0m[0m	at java.base/jdk.internal.reflect.DirectMethodHandleAccessor.invoke(DirectMethodHandleAccessor.java:103)[0m
[0m[[0m[31merror[0m] [0m[0m	at java.base/java.lang.reflect.Method.invoke(Method.java:580)[0m
[0m[[0m[31merror[0m] [0m[0m	at sbt.internal.inc.AnalyzingCompiler.invoke(AnalyzingCompiler.scala:329)[0m
[0m[[0m[31merror[0m] [0m[0m	at sbt.internal.inc.AnalyzingCompiler.doc(AnalyzingCompiler.scala:175)[0m
[0m[[0m[31merror[0m] [0m[0m	at sbt.internal.inc.AnalyzingCompiler.doc(AnalyzingCompiler.scala:133)[0m
[0m[[0m[31merror[0m] [0m[0m	at sbt.Doc$.$anonfun$scaladoc$1(Doc.scala:53)[0m
[0m[[0m[31merror[0m] [0m[0m	at sbt.Doc$.$anonfun$scaladoc$1$adapted(Doc.scala:41)[0m
[0m[[0m[31merror[0m] [0m[0m	at sbt.RawCompileLike$.$anonfun$prepare$1(RawCompileLike.scala:80)[0m
[0m[[0m[31merror[0m] [0m[0m	at sbt.RawCompileLike$.$anonfun$prepare$1$adapted(RawCompileLike.scala:73)[0m
[0m[[0m[31merror[0m] [0m[0m	at sbt.RawCompileLike$.$anonfun$cached$4(RawCompileLike.scala:64)[0m
[0m[[0m[31merror[0m] [0m[0m	at sbt.RawCompileLike$.$anonfun$cached$4$adapted(RawCompileLike.scala:62)[0m
[0m[[0m[31merror[0m] [0m[0m	at sbt.util.Tracked$.$anonfun$inputChangedW$1(Tracked.scala:220)[0m
[0m[[0m[31merror[0m] [0m[0m	at sbt.RawCompileLike$.$anonfun$cached$1(RawCompileLike.scala:69)[0m
[0m[[0m[31merror[0m] [0m[0m	at sbt.RawCompileLike$.$anonfun$cached$1$adapted(RawCompileLike.scala:53)[0m
[0m[[0m[31merror[0m] [0m[0m	at sbt.Defaults$.$anonfun$docTaskSettings$4(Defaults.scala:2280)[0m
[0m[[0m[31merror[0m] [0m[0m	at scala.Function1.$anonfun$compose$1(Function1.scala:49)[0m
[0m[[0m[31merror[0m] [0m[0m	at sbt.internal.util.$tilde$greater.$anonfun$$u2219$1(TypeFunctions.scala:63)[0m
[0m[[0m[31merror[0m] [0m[0m	at sbt.std.Transform$$anon$4.work(Transform.scala:69)[0m
[0m[[0m[31merror[0m] [0m[0m	at sbt.Execute.$anonfun$submit$2(Execute.scala:283)[0m
[0m[[0m[31merror[0m] [0m[0m	at sbt.internal.util.ErrorHandling$.wideConvert(ErrorHandling.scala:24)[0m
[0m[[0m[31merror[0m] [0m[0m	at sbt.Execute.work(Execute.scala:292)[0m
[0m[[0m[31merror[0m] [0m[0m	at sbt.Execute.$anonfun$submit$1(Execute.scala:283)[0m
[0m[[0m[31merror[0m] [0m[0m	at sbt.ConcurrentRestrictions$$anon$4.$anonfun$submitValid$1(ConcurrentRestrictions.scala:265)[0m
[0m[[0m[31merror[0m] [0m[0m	at sbt.CompletionService$$anon$2.call(CompletionService.scala:65)[0m
[0m[[0m[31merror[0m] [0m[0m	at java.base/java.util.concurrent.FutureTask.run(FutureTask.java:317)[0m
[0m[[0m[31merror[0m] [0m[0m	at java.base/java.util.concurrent.Executors$RunnableAdapter.call(Executors.java:572)[0m
[0m[[0m[31merror[0m] [0m[0m	at java.base/java.util.concurrent.FutureTask.run(FutureTask.java:317)[0m
[0m[[0m[31merror[0m] [0m[0m	at java.base/java.util.concurrent.ThreadPoolExecutor.runWorker(ThreadPoolExecutor.java:1144)[0m
[0m[[0m[31merror[0m] [0m[0m	at java.base/java.util.concurrent.ThreadPoolExecutor$Worker.run(ThreadPoolExecutor.java:642)[0m
[0m[[0m[31merror[0m] [0m[0m	at java.base/java.lang.Thread.run(Thread.java:1575)[0m
[0m[[0m[31merror[0m] [0m[0mjava.lang.RuntimeException: Failure running 'gpg --detach-sign --armor --use-agent --default-key B8B0077E1C085958 --output /Users/rhillyard/IdeaProjects/Number2026/algebra/target/scala-3.7.3/number-algebra_3-1.6.8.pom.asc /Users/rhillyard/IdeaProjects/Number2026/algebra/target/scala-3.7.3/number-algebra_3-1.6.8.pom'.  Exit code: 2[0m
[0m[[0m[31merror[0m] [0m[0m	at scala.sys.package$.error(package.scala:30)[0m
[0m[[0m[31merror[0m] [0m[0m	at com.jsuereth.sbtpgp.CommandLineGpgSigner.sign(PgpSigner.scala:74)[0m
[0m[[0m[31merror[0m] [0m[0m	at com.jsuereth.sbtpgp.PgpSettings$.$anonfun$signingSettings$2(PgpSettings.scala:151)[0m
[0m[[0m[31merror[0m] [0m[0m	at scala.collection.TraversableLike.$anonfun$flatMap$1(TraversableLike.scala:293)[0m
[0m[[0m[31merror[0m] [0m[0m	at scala.collection.immutable.HashMap$HashMap1.foreach(HashMap.scala:400)[0m
[0m[[0m[31merror[0m] [0m[0m	at scala.collection.immutable.HashMap$HashTrieMap.foreach(HashMap.scala:728)[0m
[0m[[0m[31merror[0m] [0m[0m	at scala.collection.TraversableLike.flatMap(TraversableLike.scala:293)[0m
[0m[[0m[31merror[0m] [0m[0m	at scala.collection.TraversableLike.flatMap$(TraversableLike.scala:290)[0m
[0m[[0m[31merror[0m] [0m[0m	at scala.collection.AbstractTraversable.flatMap(Traversable.scala:108)[0m
[0m[[0m[31merror[0m] [0m[0m	at com.jsuereth.sbtpgp.PgpSettings$.$anonfun$signingSettings$1(PgpSettings.scala:146)[0m
[0m[[0m[31merror[0m] [0m[0m	at scala.Function1.$anonfun$compose$1(Function1.scala:49)[0m
[0m[[0m[31merror[0m] [0m[0m	at sbt.internal.util.$tilde$greater.$anonfun$$u2219$1(TypeFunctions.scala:63)[0m
[0m[[0m[31merror[0m] [0m[0m	at sbt.std.Transform$$anon$4.work(Transform.scala:69)[0m
[0m[[0m[31merror[0m] [0m[0m	at sbt.Execute.$anonfun$submit$2(Execute.scala:283)[0m
[0m[[0m[31merror[0m] [0m[0m	at sbt.internal.util.ErrorHandling$.wideConvert(ErrorHandling.scala:24)[0m
[0m[[0m[31merror[0m] [0m[0m	at sbt.Execute.work(Execute.scala:292)[0m
[0m[[0m[31merror[0m] [0m[0m	at sbt.Execute.$anonfun$submit$1(Execute.scala:283)[0m
[0m[[0m[31merror[0m] [0m[0m	at sbt.ConcurrentRestrictions$$anon$4.$anonfun$submitValid$1(ConcurrentRestrictions.scala:265)[0m
[0m[[0m[31merror[0m] [0m[0m	at sbt.CompletionService$$anon$2.call(CompletionService.scala:65)[0m
[0m[[0m[31merror[0m] [0m[0m	at java.base/java.util.concurrent.FutureTask.run(FutureTask.java:317)[0m
[0m[[0m[31merror[0m] [0m[0m	at java.base/java.util.concurrent.Executors$RunnableAdapter.call(Executors.java:572)[0m
[0m[[0m[31merror[0m] [0m[0m	at java.base/java.util.concurrent.FutureTask.run(FutureTask.java:317)[0m
[0m[[0m[31merror[0m] [0m[0m	at java.base/java.util.concurrent.ThreadPoolExecutor.runWorker(ThreadPoolExecutor.java:1144)[0m
[0m[[0m[31merror[0m] [0m[0m	at java.base/java.util.concurrent.ThreadPoolExecutor$Worker.run(ThreadPoolExecutor.java:642)[0m
[0m[[0m[31merror[0m] [0m[0m	at java.base/java.lang.Thread.run(Thread.java:1575)[0m
[0m[[0m[31merror[0m] [0m[0mjava.lang.RuntimeException: Failure running 'gpg --detach-sign --armor --use-agent --default-key B8B0077E1C085958 --output /Users/rhillyard/IdeaProjects/Number2026/core/target/scala-3.7.3/number-core_3-1.6.8-tests.jar.asc /Users/rhillyard/IdeaProjects/Number2026/core/target/scala-3.7.3/number-core_3-1.6.8-tests.jar'.  Exit code: 2[0m
[0m[[0m[31merror[0m] [0m[0m	at scala.sys.package$.error(package.scala:30)[0m
[0m[[0m[31merror[0m] [0m[0m	at com.jsuereth.sbtpgp.CommandLineGpgSigner.sign(PgpSigner.scala:74)[0m
[0m[[0m[31merror[0m] [0m[0m	at com.jsuereth.sbtpgp.PgpSettings$.$anonfun$signingSettings$2(PgpSettings.scala:151)[0m
[0m[[0m[31merror[0m] [0m[0m	at scala.collection.TraversableLike.$anonfun$flatMap$1(TraversableLike.scala:293)[0m
[0m[[0m[31merror[0m] [0m[0m	at scala.collection.immutable.HashMap$HashMap1.foreach(HashMap.scala:400)[0m
[0m[[0m[31merror[0m] [0m[0m	at scala.collection.immutable.HashMap$HashTrieMap.foreach(HashMap.scala:728)[0m
[0m[[0m[31merror[0m] [0m[0m	at scala.collection.immutable.HashMap$HashTrieMap.foreach(HashMap.scala:728)[0m
[0m[[0m[31merror[0m] [0m[0m	at scala.collection.TraversableLike.flatMap(TraversableLike.scala:293)[0m
[0m[[0m[31merror[0m] [0m[0m	at scala.collection.TraversableLike.flatMap$(TraversableLike.scala:290)[0m
[0m[[0m[31merror[0m] [0m[0m	at scala.collection.AbstractTraversable.flatMap(Traversable.scala:108)[0m
[0m[[0m[31merror[0m] [0m[0m	at com.jsuereth.sbtpgp.PgpSettings$.$anonfun$signingSettings$1(PgpSettings.scala:146)[0m
[0m[[0m[31merror[0m] [0m[0m	at scala.Function1.$anonfun$compose$1(Function1.scala:49)[0m
[0m[[0m[31merror[0m] [0m[0m	at sbt.internal.util.$tilde$greater.$anonfun$$u2219$1(TypeFunctions.scala:63)[0m
[0m[[0m[31merror[0m] [0m[0m	at sbt.std.Transform$$anon$4.work(Transform.scala:69)[0m
[0m[[0m[31merror[0m] [0m[0m	at sbt.Execute.$anonfun$submit$2(Execute.scala:283)[0m
[0m[[0m[31merror[0m] [0m[0m	at sbt.internal.util.ErrorHandling$.wideConvert(ErrorHandling.scala:24)[0m
[0m[[0m[31merror[0m] [0m[0m	at sbt.Execute.work(Execute.scala:292)[0m
[0m[[0m[31merror[0m] [0m[0m	at sbt.Execute.$anonfun$submit$1(Execute.scala:283)[0m
[0m[[0m[31merror[0m] [0m[0m	at sbt.ConcurrentRestrictions$$anon$4.$anonfun$submitValid$1(ConcurrentRestrictions.scala:265)[0m
[0m[[0m[31merror[0m] [0m[0m	at sbt.CompletionService$$anon$2.call(CompletionService.scala:65)[0m
[0m[[0m[31merror[0m] [0m[0m	at java.base/java.util.concurrent.FutureTask.run(FutureTask.java:317)[0m
[0m[[0m[31merror[0m] [0m[0m	at java.base/java.util.concurrent.Executors$RunnableAdapter.call(Executors.java:572)[0m
[0m[[0m[31merror[0m] [0m[0m	at java.base/java.util.concurrent.FutureTask.run(FutureTask.java:317)[0m
[0m[[0m[31merror[0m] [0m[0m	at java.base/java.util.concurrent.ThreadPoolExecutor.runWorker(ThreadPoolExecutor.java:1144)[0m
[0m[[0m[31merror[0m] [0m[0m	at java.base/java.util.concurrent.ThreadPoolExecutor$Worker.run(ThreadPoolExecutor.java:642)[0m
[0m[[0m[31merror[0m] [0m[0m	at java.base/java.lang.Thread.run(Thread.java:1575)[0m
[0m[[0m[31merror[0m] [0m[0m(expression / [31msignedArtifacts[0m) Failure running 'gpg --detach-sign --armor --use-agent --default-key B8B0077E1C085958 --output /Users/rhillyard/IdeaProjects/Number2026/expression/target/scala-3.7.3/number-expression_3-1.6.8-javadoc.jar.asc /Users/rhillyard/IdeaProjects/Number2026/expression/target/scala-3.7.3/number-expression_3-1.6.8-javadoc.jar'.  Exit code: 2[0m
[0m[[0m[31merror[0m] [0m[0m(parse / [31msignedArtifacts[0m) Failure running 'gpg --detach-sign --armor --use-agent --default-key B8B0077E1C085958 --output /Users/rhillyard/IdeaProjects/Number2026/parse/target/scala-3.7.3/number-parse_3-1.6.8-tests-javadoc.jar.asc /Users/rhillyard/IdeaProjects/Number2026/parse/target/scala-3.7.3/number-parse_3-1.6.8-tests-javadoc.jar'.  Exit code: 2[0m
[0m[[0m[31merror[0m] [0m[0m(top / Test / [31mdoc[0m) java.lang.reflect.InvocationTargetException[0m
[0m[[0m[31merror[0m] [0m[0m(algebra / [31msignedArtifacts[0m) Failure running 'gpg --detach-sign --armor --use-agent --default-key B8B0077E1C085958 --output /Users/rhillyard/IdeaProjects/Number2026/algebra/target/scala-3.7.3/number-algebra_3-1.6.8.pom.asc /Users/rhillyard/IdeaProjects/Number2026/algebra/target/scala-3.7.3/number-algebra_3-1.6.8.pom'.  Exit code: 2[0m
[0m[[0m[31merror[0m] [0m[0m(core / [31msignedArtifacts[0m) Failure running 'gpg --detach-sign --armor --use-agent --default-key B8B0077E1C085958 --output /Users/rhillyard/IdeaProjects/Number2026/core/target/scala-3.7.3/number-core_3-1.6.8-tests.jar.asc /Users/rhillyard/IdeaProjects/Number2026/core/target/scala-3.7.3/number-core_3-1.6.8-tests.jar'.  Exit code: 2[0m
[0m[[0m[31merror[0m] [0m[0mTotal time: 2263 s (0:37:43.0), completed Feb 13, 2026, 9:34:44 PM[0m
[0m[[0m[0mdebug[0m] [0m[0m> Exec(idea-shell, None, None)[0m
